{"/home/runner/work/coder-arena/coder-arena/server/src/index.ts": {"path":"/home/runner/work/coder-arena/coder-arena/server/src/index.ts","statementMap":{"0":{"start":{"line":1,"column":0},"end":{"line":1,"column":30}},"1":{"start":{"line":2,"column":0},"end":{"line":2,"column":24}},"2":{"start":{"line":3,"column":0},"end":{"line":3,"column":46}},"3":{"start":{"line":4,"column":0},"end":{"line":4,"column":59}},"4":{"start":{"line":6,"column":12},"end":{"line":6,"column":21}},"5":{"start":{"line":7,"column":13},"end":{"line":7,"column":17}},"6":{"start":{"line":10,"column":23},"end":{"line":10,"column":67}},"7":{"start":{"line":13,"column":0},"end":{"line":13,"column":40}},"8":{"start":{"line":16,"column":0},"end":{"line":18,"column":3}},"9":{"start":{"line":17,"column":2},"end":{"line":17,"column":56}},"10":{"start":{"line":20,"column":0},"end":{"line":22,"column":3}},"11":{"start":{"line":21,"column":2},"end":{"line":21,"column":65}},"12":{"start":{"line":24,"column":0},"end":{"line":24,"column":46}},"13":{"start":{"line":27,"column":0},"end":{"line":27,"column":20}},"14":{"start":{"line":30,"column":0},"end":{"line":30,"column":11}}},"fnMap":{"0":{"name":"(anonymous_1)","decl":{"start":{"line":16,"column":13},"end":{"line":16,"column":14}},"loc":{"start":{"line":16,"column":26},"end":{"line":18,"column":1}}},"1":{"name":"(anonymous_2)","decl":{"start":{"line":20,"column":17},"end":{"line":20,"column":20}},"loc":{"start":{"line":20,"column":22},"end":{"line":22,"column":1}}}},"branchMap":{},"s":{"0":0,"1":0,"2":0,"3":0,"4":0,"5":0,"6":0,"7":0,"8":0,"9":0,"10":0,"11":0,"12":0,"13":0,"14":0},"f":{"0":0,"1":0},"b":{}}
,"/home/runner/work/coder-arena/coder-arena/server/src/core/Player.ts": {"path":"/home/runner/work/coder-arena/coder-arena/server/src/core/Player.ts","statementMap":{"0":{"start":{"line":1,"column":0},"end":{"line":1,"column":null}},"1":{"start":{"line":2,"column":2},"end":{"line":2,"column":null}},"2":{"start":{"line":3,"column":2},"end":{"line":3,"column":null}},"3":{"start":{"line":4,"column":2},"end":{"line":4,"column":null}},"4":{"start":{"line":5,"column":2},"end":{"line":5,"column":null}},"5":{"start":{"line":23,"column":4},"end":{"line":23,"column":84}},"6":{"start":{"line":24,"column":4},"end":{"line":24,"column":29}},"7":{"start":{"line":25,"column":4},"end":{"line":25,"column":29}},"8":{"start":{"line":26,"column":4},"end":{"line":26,"column":38}},"9":{"start":{"line":27,"column":4},"end":{"line":27,"column":57}},"10":{"start":{"line":28,"column":4},"end":{"line":28,"column":34}},"11":{"start":{"line":32,"column":4},"end":{"line":37,"column":6}},"12":{"start":{"line":14,"column":0},"end":{"line":14,"column":13}}},"fnMap":{"0":{"name":"(anonymous_0)","decl":{"start":{"line":1,"column":0},"end":{"line":1,"column":12}},"loc":{"start":{"line":1,"column":24},"end":{"line":6,"column":1}}},"1":{"name":"(anonymous_1)","decl":{"start":{"line":22,"column":2},"end":{"line":22,"column":14}},"loc":{"start":{"line":22,"column":48},"end":{"line":29,"column":3}}},"2":{"name":"(anonymous_2)","decl":{"start":{"line":31,"column":2},"end":{"line":31,"column":14}},"loc":{"start":{"line":31,"column":14},"end":{"line":38,"column":3}}}},"branchMap":{"0":{"loc":{"start":{"line":1,"column":12},"end":{"line":1,"column":null}},"type":"binary-expr","locations":[{"start":{"line":1,"column":12},"end":{"line":1,"column":24}},{"start":{"line":1,"column":24},"end":{"line":1,"column":null}}]}},"s":{"0":0,"1":0,"2":0,"3":0,"4":0,"5":0,"6":0,"7":0,"8":0,"9":0,"10":0,"11":0,"12":0},"f":{"0":0,"1":0,"2":0},"b":{"0":[0,0]}}
,"/home/runner/work/coder-arena/coder-arena/server/src/engine/defaultBehavior.ts": {"path":"/home/runner/work/coder-arena/coder-arena/server/src/engine/defaultBehavior.ts","statementMap":{"0":{"start":{"line":12,"column":0},"end":{"line":12,"column":16}},"1":{"start":{"line":13,"column":2},"end":{"line":29,"column":4}}},"fnMap":{"0":{"name":"getDefaultRules","decl":{"start":{"line":12,"column":16},"end":{"line":12,"column":31}},"loc":{"start":{"line":12,"column":31},"end":{"line":30,"column":1}}}},"branchMap":{},"s":{"0":0,"1":0},"f":{"0":0},"b":{}}
,"/home/runner/work/coder-arena/coder-arena/server/src/engine/matchLoop.ts": {"path":"/home/runner/work/coder-arena/coder-arena/server/src/engine/matchLoop.ts","statementMap":{"0":{"start":{"line":95,"column":0},"end":{"line":95,"column":7}},"1":{"start":{"line":3,"column":0},"end":{"line":3,"column":45}},"2":{"start":{"line":4,"column":0},"end":{"line":4,"column":43}},"3":{"start":{"line":6,"column":0},"end":{"line":6,"column":62}},"4":{"start":{"line":9,"column":25},"end":{"line":9,"column":28}},"5":{"start":{"line":10,"column":25},"end":{"line":10,"column":29}},"6":{"start":{"line":16,"column":2},"end":{"line":24,"column":4}},"7":{"start":{"line":32,"column":2},"end":{"line":88,"column":5}},"8":{"start":{"line":34,"column":30},"end":{"line":38,"column":6}},"9":{"start":{"line":40,"column":4},"end":{"line":40,"column":39}},"10":{"start":{"line":41,"column":4},"end":{"line":41,"column":133}},"11":{"start":{"line":42,"column":4},"end":{"line":42,"column":133}},"12":{"start":{"line":43,"column":4},"end":{"line":43,"column":20}},"13":{"start":{"line":46,"column":26},"end":{"line":87,"column":24}},"14":{"start":{"line":48,"column":22},"end":{"line":48,"column":75}},"15":{"start":{"line":49,"column":22},"end":{"line":49,"column":75}},"16":{"start":{"line":52,"column":6},"end":{"line":52,"column":44}},"17":{"start":{"line":55,"column":6},"end":{"line":55,"column":33}},"18":{"start":{"line":58,"column":6},"end":{"line":58,"column":41}},"19":{"start":{"line":59,"column":6},"end":{"line":59,"column":94}},"20":{"start":{"line":60,"column":6},"end":{"line":60,"column":94}},"21":{"start":{"line":61,"column":6},"end":{"line":61,"column":22}},"22":{"start":{"line":64,"column":6},"end":{"line":86,"column":7}},"23":{"start":{"line":65,"column":8},"end":{"line":65,"column":37}},"24":{"start":{"line":68,"column":8},"end":{"line":68,"column":41}},"25":{"start":{"line":69,"column":29},"end":{"line":69,"column":35}},"26":{"start":{"line":70,"column":8},"end":{"line":78,"column":9}},"27":{"start":{"line":71,"column":10},"end":{"line":71,"column":31}},"28":{"start":{"line":72,"column":10},"end":{"line":72,"column":101}},"29":{"start":{"line":73,"column":15},"end":{"line":78,"column":9}},"30":{"start":{"line":74,"column":10},"end":{"line":74,"column":31}},"31":{"start":{"line":75,"column":10},"end":{"line":75,"column":101}},"32":{"start":{"line":77,"column":10},"end":{"line":77,"column":54}},"33":{"start":{"line":79,"column":8},"end":{"line":79,"column":50}},"34":{"start":{"line":80,"column":8},"end":{"line":80,"column":24}},"35":{"start":{"line":83,"column":8},"end":{"line":83,"column":43}},"36":{"start":{"line":85,"column":8},"end":{"line":85,"column":18}},"37":{"start":{"line":97,"column":25},"end":{"line":110,"column":4}},"38":{"start":{"line":113,"column":25},"end":{"line":126,"column":4}},"39":{"start":{"line":129,"column":2},"end":{"line":133,"column":3}},"40":{"start":{"line":130,"column":4},"end":{"line":130,"column":41}},"41":{"start":{"line":132,"column":4},"end":{"line":132,"column":72}},"42":{"start":{"line":132,"column":33},"end":{"line":132,"column":70}}},"fnMap":{"0":{"name":"createFighter","decl":{"start":{"line":15,"column":9},"end":{"line":15,"column":22}},"loc":{"start":{"line":15,"column":43},"end":{"line":25,"column":1}}},"1":{"name":"runSingleMatch","decl":{"start":{"line":31,"column":9},"end":{"line":31,"column":23}},"loc":{"start":{"line":31,"column":88},"end":{"line":89,"column":1}}},"2":{"name":"(anonymous_2)","decl":{"start":{"line":32,"column":21},"end":{"line":32,"column":22}},"loc":{"start":{"line":32,"column":33},"end":{"line":88,"column":3}}},"3":{"name":"(anonymous_3)","decl":{"start":{"line":46,"column":38},"end":{"line":46,"column":41}},"loc":{"start":{"line":46,"column":43},"end":{"line":87,"column":5}}},"4":{"name":"runMatch","decl":{"start":{"line":95,"column":22},"end":{"line":95,"column":30}},"loc":{"start":{"line":95,"column":30},"end":{"line":134,"column":1}}},"5":{"name":"(anonymous_5)","decl":{"start":{"line":132,"column":22},"end":{"line":132,"column":29}},"loc":{"start":{"line":132,"column":33},"end":{"line":132,"column":70}}}},"branchMap":{"0":{"loc":{"start":{"line":64,"column":6},"end":{"line":86,"column":7}},"type":"if","locations":[{"start":{"line":64,"column":6},"end":{"line":86,"column":7}}]},"1":{"loc":{"start":{"line":64,"column":10},"end":{"line":64,"column":66}},"type":"binary-expr","locations":[{"start":{"line":64,"column":10},"end":{"line":64,"column":36}},{"start":{"line":64,"column":40},"end":{"line":64,"column":66}}]},"2":{"loc":{"start":{"line":70,"column":8},"end":{"line":78,"column":9}},"type":"if","locations":[{"start":{"line":70,"column":8},"end":{"line":78,"column":9}},{"start":{"line":73,"column":15},"end":{"line":78,"column":9}}]},"3":{"loc":{"start":{"line":70,"column":12},"end":{"line":70,"column":67}},"type":"binary-expr","locations":[{"start":{"line":70,"column":12},"end":{"line":70,"column":37}},{"start":{"line":70,"column":41},"end":{"line":70,"column":67}}]},"4":{"loc":{"start":{"line":73,"column":15},"end":{"line":78,"column":9}},"type":"if","locations":[{"start":{"line":73,"column":15},"end":{"line":78,"column":9}},{"start":{"line":76,"column":15},"end":{"line":78,"column":9}}]},"5":{"loc":{"start":{"line":73,"column":19},"end":{"line":73,"column":74}},"type":"binary-expr","locations":[{"start":{"line":73,"column":19},"end":{"line":73,"column":44}},{"start":{"line":73,"column":48},"end":{"line":73,"column":74}}]}},"s":{"0":0,"1":0,"2":0,"3":0,"4":0,"5":0,"6":0,"7":0,"8":0,"9":0,"10":0,"11":0,"12":0,"13":0,"14":0,"15":0,"16":0,"17":0,"18":0,"19":0,"20":0,"21":0,"22":0,"23":0,"24":0,"25":0,"26":0,"27":0,"28":0,"29":0,"30":0,"31":0,"32":0,"33":0,"34":0,"35":0,"36":0,"37":0,"38":0,"39":0,"40":0,"41":0,"42":0},"f":{"0":0,"1":0,"2":0,"3":0,"4":0,"5":0},"b":{"0":[0],"1":[0,0],"2":[0,0],"3":[0,0],"4":[0,0],"5":[0,0]}}
,"/home/runner/work/coder-arena/coder-arena/server/src/engine/ruleEngine.ts": {"path":"/home/runner/work/coder-arena/coder-arena/server/src/engine/ruleEngine.ts","statementMap":{"0":{"start":{"line":8,"column":0},"end":{"line":8,"column":16}},"1":{"start":{"line":65,"column":0},"end":{"line":65,"column":16}},"2":{"start":{"line":9,"column":13},"end":{"line":9,"column":53}},"3":{"start":{"line":10,"column":13},"end":{"line":10,"column":53}},"4":{"start":{"line":11,"column":2},"end":{"line":11,"column":38}},"5":{"start":{"line":19,"column":19},"end":{"line":19,"column":55}},"6":{"start":{"line":21,"column":2},"end":{"line":54,"column":3}},"7":{"start":{"line":24,"column":6},"end":{"line":24,"column":51}},"8":{"start":{"line":26,"column":6},"end":{"line":26,"column":51}},"9":{"start":{"line":30,"column":6},"end":{"line":30,"column":52}},"10":{"start":{"line":32,"column":6},"end":{"line":32,"column":52}},"11":{"start":{"line":36,"column":6},"end":{"line":36,"column":45}},"12":{"start":{"line":38,"column":6},"end":{"line":38,"column":45}},"13":{"start":{"line":42,"column":6},"end":{"line":42,"column":61}},"14":{"start":{"line":44,"column":6},"end":{"line":44,"column":59}},"15":{"start":{"line":48,"column":6},"end":{"line":48,"column":62}},"16":{"start":{"line":50,"column":6},"end":{"line":50,"column":60}},"17":{"start":{"line":53,"column":6},"end":{"line":53,"column":19}},"18":{"start":{"line":66,"column":2},"end":{"line":70,"column":3}},"19":{"start":{"line":67,"column":4},"end":{"line":69,"column":5}},"20":{"start":{"line":68,"column":6},"end":{"line":68,"column":25}},"21":{"start":{"line":71,"column":2},"end":{"line":71,"column":16}}},"fnMap":{"0":{"name":"calculateDistance","decl":{"start":{"line":8,"column":16},"end":{"line":8,"column":33}},"loc":{"start":{"line":8,"column":69},"end":{"line":12,"column":1}}},"1":{"name":"evaluateCondition","decl":{"start":{"line":18,"column":9},"end":{"line":18,"column":26}},"loc":{"start":{"line":18,"column":89},"end":{"line":55,"column":1}}},"2":{"name":"evaluateRules","decl":{"start":{"line":65,"column":16},"end":{"line":65,"column":29}},"loc":{"start":{"line":65,"column":97},"end":{"line":72,"column":1}}}},"branchMap":{"0":{"loc":{"start":{"line":21,"column":2},"end":{"line":54,"column":3}},"type":"switch","locations":[{"start":{"line":23,"column":4},"end":{"line":24,"column":51}},{"start":{"line":25,"column":4},"end":{"line":26,"column":51}},{"start":{"line":29,"column":4},"end":{"line":30,"column":52}},{"start":{"line":31,"column":4},"end":{"line":32,"column":52}},{"start":{"line":35,"column":4},"end":{"line":36,"column":45}},{"start":{"line":37,"column":4},"end":{"line":38,"column":45}},{"start":{"line":41,"column":4},"end":{"line":42,"column":61}},{"start":{"line":43,"column":4},"end":{"line":44,"column":59}},{"start":{"line":47,"column":4},"end":{"line":48,"column":62}},{"start":{"line":49,"column":4},"end":{"line":50,"column":60}},{"start":{"line":52,"column":4},"end":{"line":53,"column":19}}]},"1":{"loc":{"start":{"line":67,"column":4},"end":{"line":69,"column":5}},"type":"if","locations":[{"start":{"line":67,"column":4},"end":{"line":69,"column":5}}]}},"s":{"0":0,"1":0,"2":0,"3":0,"4":0,"5":0,"6":0,"7":0,"8":0,"9":0,"10":0,"11":0,"12":0,"13":0,"14":0,"15":0,"16":0,"17":0,"18":0,"19":0,"20":0,"21":0},"f":{"0":0,"1":0,"2":0},"b":{"0":[0,0,0,0,0,0,0,0,0,0,0],"1":[0]}}
,"/home/runner/work/coder-arena/coder-arena/server/src/engine/simulator.ts": {"path":"/home/runner/work/coder-arena/coder-arena/server/src/engine/simulator.ts","statementMap":{"0":{"start":{"line":60,"column":0},"end":{"line":60,"column":16}},"1":{"start":{"line":3,"column":0},"end":{"line":3,"column":49}},"2":{"start":{"line":6,"column":20},"end":{"line":6,"column":22}},"3":{"start":{"line":7,"column":31},"end":{"line":7,"column":34}},"4":{"start":{"line":8,"column":21},"end":{"line":8,"column":22}},"5":{"start":{"line":9,"column":30},"end":{"line":9,"column":31}},"6":{"start":{"line":17,"column":2},"end":{"line":41,"column":3}},"7":{"start":{"line":19,"column":4},"end":{"line":23,"column":5}},"8":{"start":{"line":20,"column":6},"end":{"line":20,"column":30}},"9":{"start":{"line":21,"column":11},"end":{"line":23,"column":5}},"10":{"start":{"line":22,"column":6},"end":{"line":22,"column":30}},"11":{"start":{"line":24,"column":4},"end":{"line":28,"column":5}},"12":{"start":{"line":25,"column":6},"end":{"line":25,"column":30}},"13":{"start":{"line":26,"column":11},"end":{"line":28,"column":5}},"14":{"start":{"line":27,"column":6},"end":{"line":27,"column":30}},"15":{"start":{"line":29,"column":9},"end":{"line":41,"column":3}},"16":{"start":{"line":31,"column":4},"end":{"line":35,"column":5}},"17":{"start":{"line":32,"column":6},"end":{"line":32,"column":30}},"18":{"start":{"line":33,"column":11},"end":{"line":35,"column":5}},"19":{"start":{"line":34,"column":6},"end":{"line":34,"column":30}},"20":{"start":{"line":36,"column":4},"end":{"line":40,"column":5}},"21":{"start":{"line":37,"column":6},"end":{"line":37,"column":30}},"22":{"start":{"line":38,"column":11},"end":{"line":40,"column":5}},"23":{"start":{"line":39,"column":6},"end":{"line":39,"column":30}},"24":{"start":{"line":61,"column":33},"end":{"line":61,"column":38}},"25":{"start":{"line":64,"column":19},"end":{"line":64,"column":56}},"26":{"start":{"line":67,"column":2},"end":{"line":67,"column":29}},"27":{"start":{"line":68,"column":2},"end":{"line":68,"column":28}},"28":{"start":{"line":69,"column":2},"end":{"line":69,"column":29}},"29":{"start":{"line":70,"column":2},"end":{"line":70,"column":28}},"30":{"start":{"line":73,"column":18},"end":{"line":73,"column":19}},"31":{"start":{"line":74,"column":18},"end":{"line":74,"column":19}},"32":{"start":{"line":77,"column":2},"end":{"line":88,"column":3}},"33":{"start":{"line":79,"column":17},"end":{"line":79,"column":28}},"34":{"start":{"line":80,"column":4},"end":{"line":82,"column":5}},"35":{"start":{"line":81,"column":6},"end":{"line":81,"column":47}},"36":{"start":{"line":83,"column":4},"end":{"line":83,"column":23}},"37":{"start":{"line":84,"column":4},"end":{"line":84,"column":30}},"38":{"start":{"line":85,"column":4},"end":{"line":85,"column":52}},"39":{"start":{"line":86,"column":9},"end":{"line":88,"column":3}},"40":{"start":{"line":87,"column":4},"end":{"line":87,"column":29}},"41":{"start":{"line":91,"column":2},"end":{"line":102,"column":3}},"42":{"start":{"line":93,"column":17},"end":{"line":93,"column":28}},"43":{"start":{"line":94,"column":4},"end":{"line":96,"column":5}},"44":{"start":{"line":95,"column":6},"end":{"line":95,"column":47}},"45":{"start":{"line":97,"column":4},"end":{"line":97,"column":23}},"46":{"start":{"line":98,"column":4},"end":{"line":98,"column":30}},"47":{"start":{"line":99,"column":4},"end":{"line":99,"column":52}},"48":{"start":{"line":100,"column":9},"end":{"line":102,"column":3}},"49":{"start":{"line":101,"column":4},"end":{"line":101,"column":29}},"50":{"start":{"line":105,"column":2},"end":{"line":105,"column":31}},"51":{"start":{"line":106,"column":2},"end":{"line":106,"column":31}},"52":{"start":{"line":109,"column":2},"end":{"line":109,"column":45}},"53":{"start":{"line":110,"column":2},"end":{"line":110,"column":45}},"54":{"start":{"line":113,"column":2},"end":{"line":115,"column":3}},"55":{"start":{"line":114,"column":4},"end":{"line":114,"column":30}},"56":{"start":{"line":116,"column":2},"end":{"line":118,"column":3}},"57":{"start":{"line":117,"column":4},"end":{"line":117,"column":30}},"58":{"start":{"line":121,"column":2},"end":{"line":121,"column":32}},"59":{"start":{"line":122,"column":2},"end":{"line":122,"column":32}},"60":{"start":{"line":125,"column":2},"end":{"line":125,"column":15}},"61":{"start":{"line":127,"column":2},"end":{"line":127,"column":15}}},"fnMap":{"0":{"name":"applyMovement","decl":{"start":{"line":16,"column":9},"end":{"line":16,"column":22}},"loc":{"start":{"line":16,"column":78},"end":{"line":43,"column":1}}},"1":{"name":"simulateTick","decl":{"start":{"line":60,"column":16},"end":{"line":60,"column":28}},"loc":{"start":{"line":60,"column":88},"end":{"line":128,"column":1}}}},"branchMap":{"0":{"loc":{"start":{"line":17,"column":2},"end":{"line":41,"column":3}},"type":"if","locations":[{"start":{"line":17,"column":2},"end":{"line":41,"column":3}},{"start":{"line":29,"column":9},"end":{"line":41,"column":3}}]},"1":{"loc":{"start":{"line":19,"column":4},"end":{"line":23,"column":5}},"type":"if","locations":[{"start":{"line":19,"column":4},"end":{"line":23,"column":5}},{"start":{"line":21,"column":11},"end":{"line":23,"column":5}}]},"2":{"loc":{"start":{"line":21,"column":11},"end":{"line":23,"column":5}},"type":"if","locations":[{"start":{"line":21,"column":11},"end":{"line":23,"column":5}}]},"3":{"loc":{"start":{"line":24,"column":4},"end":{"line":28,"column":5}},"type":"if","locations":[{"start":{"line":24,"column":4},"end":{"line":28,"column":5}},{"start":{"line":26,"column":11},"end":{"line":28,"column":5}}]},"4":{"loc":{"start":{"line":26,"column":11},"end":{"line":28,"column":5}},"type":"if","locations":[{"start":{"line":26,"column":11},"end":{"line":28,"column":5}}]},"5":{"loc":{"start":{"line":29,"column":9},"end":{"line":41,"column":3}},"type":"if","locations":[{"start":{"line":29,"column":9},"end":{"line":41,"column":3}}]},"6":{"loc":{"start":{"line":31,"column":4},"end":{"line":35,"column":5}},"type":"if","locations":[{"start":{"line":31,"column":4},"end":{"line":35,"column":5}},{"start":{"line":33,"column":11},"end":{"line":35,"column":5}}]},"7":{"loc":{"start":{"line":33,"column":11},"end":{"line":35,"column":5}},"type":"if","locations":[{"start":{"line":33,"column":11},"end":{"line":35,"column":5}}]},"8":{"loc":{"start":{"line":36,"column":4},"end":{"line":40,"column":5}},"type":"if","locations":[{"start":{"line":36,"column":4},"end":{"line":40,"column":5}},{"start":{"line":38,"column":11},"end":{"line":40,"column":5}}]},"9":{"loc":{"start":{"line":38,"column":11},"end":{"line":40,"column":5}},"type":"if","locations":[{"start":{"line":38,"column":11},"end":{"line":40,"column":5}}]},"10":{"loc":{"start":{"line":77,"column":2},"end":{"line":88,"column":3}},"type":"if","locations":[{"start":{"line":77,"column":2},"end":{"line":88,"column":3}},{"start":{"line":86,"column":9},"end":{"line":88,"column":3}}]},"11":{"loc":{"start":{"line":77,"column":6},"end":{"line":77,"column":87}},"type":"binary-expr","locations":[{"start":{"line":77,"column":6},"end":{"line":77,"column":26}},{"start":{"line":77,"column":30},"end":{"line":77,"column":54}},{"start":{"line":77,"column":58},"end":{"line":77,"column":87}}]},"12":{"loc":{"start":{"line":80,"column":4},"end":{"line":82,"column":5}},"type":"if","locations":[{"start":{"line":80,"column":4},"end":{"line":82,"column":5}}]},"13":{"loc":{"start":{"line":86,"column":9},"end":{"line":88,"column":3}},"type":"if","locations":[{"start":{"line":86,"column":9},"end":{"line":88,"column":3}}]},"14":{"loc":{"start":{"line":91,"column":2},"end":{"line":102,"column":3}},"type":"if","locations":[{"start":{"line":91,"column":2},"end":{"line":102,"column":3}},{"start":{"line":100,"column":9},"end":{"line":102,"column":3}}]},"15":{"loc":{"start":{"line":91,"column":6},"end":{"line":91,"column":87}},"type":"binary-expr","locations":[{"start":{"line":91,"column":6},"end":{"line":91,"column":26}},{"start":{"line":91,"column":30},"end":{"line":91,"column":54}},{"start":{"line":91,"column":58},"end":{"line":91,"column":87}}]},"16":{"loc":{"start":{"line":94,"column":4},"end":{"line":96,"column":5}},"type":"if","locations":[{"start":{"line":94,"column":4},"end":{"line":96,"column":5}}]},"17":{"loc":{"start":{"line":100,"column":9},"end":{"line":102,"column":3}},"type":"if","locations":[{"start":{"line":100,"column":9},"end":{"line":102,"column":3}}]},"18":{"loc":{"start":{"line":113,"column":2},"end":{"line":115,"column":3}},"type":"if","locations":[{"start":{"line":113,"column":2},"end":{"line":115,"column":3}}]},"19":{"loc":{"start":{"line":116,"column":2},"end":{"line":118,"column":3}},"type":"if","locations":[{"start":{"line":116,"column":2},"end":{"line":118,"column":3}}]}},"s":{"0":0,"1":0,"2":0,"3":0,"4":0,"5":0,"6":0,"7":0,"8":0,"9":0,"10":0,"11":0,"12":0,"13":0,"14":0,"15":0,"16":0,"17":0,"18":0,"19":0,"20":0,"21":0,"22":0,"23":0,"24":0,"25":0,"26":0,"27":0,"28":0,"29":0,"30":0,"31":0,"32":0,"33":0,"34":0,"35":0,"36":0,"37":0,"38":0,"39":0,"40":0,"41":0,"42":0,"43":0,"44":0,"45":0,"46":0,"47":0,"48":0,"49":0,"50":0,"51":0,"52":0,"53":0,"54":0,"55":0,"56":0,"57":0,"58":0,"59":0,"60":0,"61":0},"f":{"0":0,"1":0},"b":{"0":[0,0],"1":[0,0],"2":[0],"3":[0,0],"4":[0],"5":[0],"6":[0,0],"7":[0],"8":[0,0],"9":[0],"10":[0,0],"11":[0,0,0],"12":[0],"13":[0],"14":[0,0],"15":[0,0,0],"16":[0],"17":[0],"18":[0],"19":[0]}}
,"/home/runner/work/coder-arena/coder-arena/server/src/engine/casl/CASLExecutor.ts": {"path":"/home/runner/work/coder-arena/coder-arena/server/src/engine/casl/CASLExecutor.ts","statementMap":{"0":{"start":{"line":125,"column":0},"end":{"line":125,"column":16}},"1":{"start":{"line":17,"column":4},"end":{"line":17,"column":29}},"2":{"start":{"line":26,"column":4},"end":{"line":30,"column":5}},"3":{"start":{"line":27,"column":6},"end":{"line":29,"column":7}},"4":{"start":{"line":28,"column":8},"end":{"line":28,"column":27}},"5":{"start":{"line":33,"column":4},"end":{"line":33,"column":39}},"6":{"start":{"line":40,"column":4},"end":{"line":40,"column":69}},"7":{"start":{"line":50,"column":4},"end":{"line":52,"column":5}},"8":{"start":{"line":51,"column":6},"end":{"line":51,"column":19}},"9":{"start":{"line":55,"column":17},"end":{"line":55,"column":69}},"10":{"start":{"line":58,"column":4},"end":{"line":68,"column":5}},"11":{"start":{"line":58,"column":17},"end":{"line":58,"column":18}},"12":{"start":{"line":59,"column":23},"end":{"line":59,"column":41}},"13":{"start":{"line":60,"column":28},"end":{"line":60,"column":51}},"14":{"start":{"line":61,"column":25},"end":{"line":61,"column":71}},"15":{"start":{"line":63,"column":6},"end":{"line":67,"column":7}},"16":{"start":{"line":64,"column":8},"end":{"line":64,"column":38}},"17":{"start":{"line":65,"column":13},"end":{"line":67,"column":7}},"18":{"start":{"line":66,"column":8},"end":{"line":66,"column":38}},"19":{"start":{"line":70,"column":4},"end":{"line":70,"column":18}},"20":{"start":{"line":80,"column":24},"end":{"line":80,"column":68}},"21":{"start":{"line":81,"column":26},"end":{"line":81,"column":41}},"22":{"start":{"line":83,"column":4},"end":{"line":98,"column":5}},"23":{"start":{"line":85,"column":8},"end":{"line":85,"column":43}},"24":{"start":{"line":87,"column":8},"end":{"line":87,"column":43}},"25":{"start":{"line":89,"column":8},"end":{"line":89,"column":44}},"26":{"start":{"line":91,"column":8},"end":{"line":91,"column":44}},"27":{"start":{"line":93,"column":8},"end":{"line":93,"column":45}},"28":{"start":{"line":95,"column":8},"end":{"line":95,"column":45}},"29":{"start":{"line":97,"column":8},"end":{"line":97,"column":21}},"30":{"start":{"line":105,"column":4},"end":{"line":118,"column":5}},"31":{"start":{"line":107,"column":8},"end":{"line":107,"column":36}},"32":{"start":{"line":109,"column":8},"end":{"line":109,"column":44}},"33":{"start":{"line":111,"column":8},"end":{"line":111,"column":35}},"34":{"start":{"line":113,"column":8},"end":{"line":113,"column":43}},"35":{"start":{"line":115,"column":8},"end":{"line":115,"column":32}},"36":{"start":{"line":117,"column":8},"end":{"line":117,"column":17}},"37":{"start":{"line":13,"column":0},"end":{"line":13,"column":13}},"38":{"start":{"line":129,"column":19},"end":{"line":129,"column":45}},"39":{"start":{"line":130,"column":2},"end":{"line":130,"column":35}}},"fnMap":{"0":{"name":"(anonymous_0)","decl":{"start":{"line":16,"column":2},"end":{"line":16,"column":14}},"loc":{"start":{"line":16,"column":36},"end":{"line":18,"column":3}}},"1":{"name":"(anonymous_1)","decl":{"start":{"line":24,"column":2},"end":{"line":24,"column":9}},"loc":{"start":{"line":24,"column":35},"end":{"line":34,"column":3}}},"2":{"name":"(anonymous_2)","decl":{"start":{"line":39,"column":10},"end":{"line":39,"column":22}},"loc":{"start":{"line":39,"column":64},"end":{"line":41,"column":3}}},"3":{"name":"(anonymous_3)","decl":{"start":{"line":46,"column":10},"end":{"line":46,"column":32}},"loc":{"start":{"line":48,"column":29},"end":{"line":71,"column":3}}},"4":{"name":"(anonymous_4)","decl":{"start":{"line":76,"column":10},"end":{"line":76,"column":27}},"loc":{"start":{"line":78,"column":29},"end":{"line":99,"column":3}}},"5":{"name":"(anonymous_5)","decl":{"start":{"line":104,"column":10},"end":{"line":104,"column":23}},"loc":{"start":{"line":104,"column":64},"end":{"line":119,"column":3}}},"6":{"name":"executeStrategy","decl":{"start":{"line":125,"column":16},"end":{"line":125,"column":31}},"loc":{"start":{"line":127,"column":27},"end":{"line":131,"column":1}}}},"branchMap":{"0":{"loc":{"start":{"line":27,"column":6},"end":{"line":29,"column":7}},"type":"if","locations":[{"start":{"line":27,"column":6},"end":{"line":29,"column":7}}]},"1":{"loc":{"start":{"line":50,"column":4},"end":{"line":52,"column":5}},"type":"if","locations":[{"start":{"line":50,"column":4},"end":{"line":52,"column":5}}]},"2":{"loc":{"start":{"line":63,"column":6},"end":{"line":67,"column":7}},"type":"if","locations":[{"start":{"line":63,"column":6},"end":{"line":67,"column":7}},{"start":{"line":65,"column":13},"end":{"line":67,"column":7}}]},"3":{"loc":{"start":{"line":64,"column":17},"end":{"line":64,"column":37}},"type":"binary-expr","locations":[{"start":{"line":64,"column":17},"end":{"line":64,"column":23}},{"start":{"line":64,"column":27},"end":{"line":64,"column":37}}]},"4":{"loc":{"start":{"line":65,"column":13},"end":{"line":67,"column":7}},"type":"if","locations":[{"start":{"line":65,"column":13},"end":{"line":67,"column":7}}]},"5":{"loc":{"start":{"line":66,"column":17},"end":{"line":66,"column":37}},"type":"binary-expr","locations":[{"start":{"line":66,"column":17},"end":{"line":66,"column":23}},{"start":{"line":66,"column":27},"end":{"line":66,"column":37}}]},"6":{"loc":{"start":{"line":83,"column":4},"end":{"line":98,"column":5}},"type":"switch","locations":[{"start":{"line":84,"column":6},"end":{"line":85,"column":43}},{"start":{"line":86,"column":6},"end":{"line":87,"column":43}},{"start":{"line":88,"column":6},"end":{"line":89,"column":44}},{"start":{"line":90,"column":6},"end":{"line":91,"column":44}},{"start":{"line":92,"column":6},"end":{"line":93,"column":45}},{"start":{"line":94,"column":6},"end":{"line":95,"column":45}},{"start":{"line":96,"column":6},"end":{"line":97,"column":21}}]},"7":{"loc":{"start":{"line":105,"column":4},"end":{"line":118,"column":5}},"type":"switch","locations":[{"start":{"line":106,"column":6},"end":{"line":107,"column":36}},{"start":{"line":108,"column":6},"end":{"line":109,"column":44}},{"start":{"line":110,"column":6},"end":{"line":111,"column":35}},{"start":{"line":112,"column":6},"end":{"line":113,"column":43}},{"start":{"line":114,"column":6},"end":{"line":115,"column":32}},{"start":{"line":116,"column":6},"end":{"line":117,"column":17}}]}},"s":{"0":1,"1":10035,"2":10035,"3":10040,"4":24,"5":10011,"6":10040,"7":10040,"8":0,"9":10040,"10":10040,"11":10040,"12":20021,"13":20021,"14":20021,"15":20021,"16":20014,"17":7,"18":7,"19":10040,"20":30061,"21":30061,"22":30061,"23":20037,"24":5,"25":3,"26":3,"27":10011,"28":2,"29":0,"30":30061,"31":10014,"32":4,"33":8,"34":10010,"35":10025,"36":0,"37":1,"38":10035,"39":10035},"f":{"0":10035,"1":10035,"2":10040,"3":10040,"4":30061,"5":30061,"6":10035},"b":{"0":[24],"1":[0],"2":[20014,7],"3":[20014,8],"4":[7],"5":[7,4],"6":[20037,5,3,3,10011,2,0],"7":[10014,4,8,10010,10025,0]}}
,"/home/runner/work/coder-arena/coder-arena/server/src/engine/casl/CASLParser.ts": {"path":"/home/runner/work/coder-arena/coder-arena/server/src/engine/casl/CASLParser.ts","statementMap":{"0":{"start":{"line":203,"column":0},"end":{"line":203,"column":16}},"1":{"start":{"line":21,"column":4},"end":{"line":21,"column":21}},"2":{"start":{"line":22,"column":4},"end":{"line":22,"column":21}},"3":{"start":{"line":29,"column":4},"end":{"line":29,"column":21}},"4":{"start":{"line":31,"column":4},"end":{"line":66,"column":5}},"5":{"start":{"line":33,"column":26},"end":{"line":33,"column":51}},"6":{"start":{"line":36,"column":27},"end":{"line":36,"column":64}},"7":{"start":{"line":37,"column":6},"end":{"line":40,"column":7}},"8":{"start":{"line":38,"column":8},"end":{"line":38,"column":57}},"9":{"start":{"line":39,"column":8},"end":{"line":39,"column":55}},"10":{"start":{"line":43,"column":20},"end":{"line":43,"column":50}},"11":{"start":{"line":46,"column":28},"end":{"line":46,"column":66}},"12":{"start":{"line":47,"column":6},"end":{"line":50,"column":7}},"13":{"start":{"line":48,"column":8},"end":{"line":48,"column":51}},"14":{"start":{"line":49,"column":8},"end":{"line":49,"column":55}},"15":{"start":{"line":52,"column":37},"end":{"line":56,"column":8}},"16":{"start":{"line":58,"column":6},"end":{"line":62,"column":8}},"17":{"start":{"line":64,"column":6},"end":{"line":64,"column":97}},"18":{"start":{"line":65,"column":6},"end":{"line":65,"column":53}},"19":{"start":{"line":74,"column":18},"end":{"line":74,"column":49}},"20":{"start":{"line":76,"column":4},"end":{"line":76,"column":55}},"21":{"start":{"line":77,"column":4},"end":{"line":77,"column":19}},"22":{"start":{"line":84,"column":26},"end":{"line":84,"column":61}},"23":{"start":{"line":85,"column":4},"end":{"line":87,"column":5}},"24":{"start":{"line":86,"column":6},"end":{"line":86,"column":18}},"25":{"start":{"line":88,"column":4},"end":{"line":88,"column":28}},"26":{"start":{"line":95,"column":30},"end":{"line":95,"column":32}},"27":{"start":{"line":98,"column":22},"end":{"line":98,"column":74}},"28":{"start":{"line":101,"column":4},"end":{"line":111,"column":5}},"29":{"start":{"line":102,"column":23},"end":{"line":102,"column":31}},"30":{"start":{"line":103,"column":23},"end":{"line":103,"column":31}},"31":{"start":{"line":105,"column":6},"end":{"line":110,"column":7}},"32":{"start":{"line":106,"column":21},"end":{"line":106,"column":55}},"33":{"start":{"line":107,"column":8},"end":{"line":107,"column":25}},"34":{"start":{"line":109,"column":8},"end":{"line":109,"column":120}},"35":{"start":{"line":113,"column":4},"end":{"line":113,"column":17}},"36":{"start":{"line":121,"column":22},"end":{"line":121,"column":61}},"37":{"start":{"line":122,"column":4},"end":{"line":124,"column":5}},"38":{"start":{"line":123,"column":6},"end":{"line":123,"column":51}},"39":{"start":{"line":126,"column":27},"end":{"line":126,"column":39}},"40":{"start":{"line":127,"column":27},"end":{"line":127,"column":63}},"41":{"start":{"line":130,"column":20},"end":{"line":130,"column":44}},"42":{"start":{"line":131,"column":4},"end":{"line":133,"column":5}},"43":{"start":{"line":132,"column":6},"end":{"line":132,"column":49}},"44":{"start":{"line":135,"column":19},"end":{"line":135,"column":43}},"45":{"start":{"line":137,"column":4},"end":{"line":141,"column":6}},"46":{"start":{"line":148,"column":40},"end":{"line":148,"column":42}},"47":{"start":{"line":149,"column":41},"end":{"line":149,"column":43}},"48":{"start":{"line":152,"column":18},"end":{"line":152,"column":46}},"49":{"start":{"line":154,"column":4},"end":{"line":164,"column":5}},"50":{"start":{"line":154,"column":17},"end":{"line":154,"column":18}},"51":{"start":{"line":155,"column":19},"end":{"line":155,"column":34}},"52":{"start":{"line":157,"column":6},"end":{"line":163,"column":7}},"53":{"start":{"line":158,"column":8},"end":{"line":158,"column":48}},"54":{"start":{"line":159,"column":13},"end":{"line":163,"column":7}},"55":{"start":{"line":161,"column":26},"end":{"line":161,"column":51}},"56":{"start":{"line":162,"column":8},"end":{"line":162,"column":35}},"57":{"start":{"line":166,"column":4},"end":{"line":166,"column":37}},"58":{"start":{"line":174,"column":27},"end":{"line":174,"column":77}},"59":{"start":{"line":175,"column":18},"end":{"line":175,"column":51}},"60":{"start":{"line":177,"column":4},"end":{"line":179,"column":5}},"61":{"start":{"line":178,"column":6},"end":{"line":178,"column":61}},"62":{"start":{"line":181,"column":18},"end":{"line":181,"column":39}},"63":{"start":{"line":182,"column":21},"end":{"line":182,"column":45}},"64":{"start":{"line":183,"column":18},"end":{"line":183,"column":38}},"65":{"start":{"line":185,"column":4},"end":{"line":185,"column":38}},"66":{"start":{"line":192,"column":25},"end":{"line":192,"column":54}},"67":{"start":{"line":193,"column":4},"end":{"line":195,"column":5}},"68":{"start":{"line":194,"column":6},"end":{"line":194,"column":18}},"69":{"start":{"line":196,"column":4},"end":{"line":196,"column":41}},"70":{"start":{"line":16,"column":0},"end":{"line":16,"column":13}},"71":{"start":{"line":204,"column":17},"end":{"line":204,"column":37}},"72":{"start":{"line":205,"column":2},"end":{"line":205,"column":24}}},"fnMap":{"0":{"name":"(anonymous_0)","decl":{"start":{"line":20,"column":2},"end":{"line":20,"column":14}},"loc":{"start":{"line":20,"column":26},"end":{"line":23,"column":3}}},"1":{"name":"(anonymous_1)","decl":{"start":{"line":28,"column":2},"end":{"line":28,"column":7}},"loc":{"start":{"line":28,"column":7},"end":{"line":67,"column":3}}},"2":{"name":"(anonymous_2)","decl":{"start":{"line":72,"column":10},"end":{"line":72,"column":19}},"loc":{"start":{"line":72,"column":32},"end":{"line":78,"column":3}}},"3":{"name":"(anonymous_3)","decl":{"start":{"line":83,"column":10},"end":{"line":83,"column":29}},"loc":{"start":{"line":83,"column":42},"end":{"line":89,"column":3}}},"4":{"name":"(anonymous_4)","decl":{"start":{"line":94,"column":10},"end":{"line":94,"column":22}},"loc":{"start":{"line":94,"column":35},"end":{"line":114,"column":3}}},"5":{"name":"(anonymous_5)","decl":{"start":{"line":119,"column":10},"end":{"line":119,"column":19}},"loc":{"start":{"line":119,"column":46},"end":{"line":142,"column":3}}},"6":{"name":"(anonymous_6)","decl":{"start":{"line":147,"column":10},"end":{"line":147,"column":25}},"loc":{"start":{"line":147,"column":38},"end":{"line":167,"column":3}}},"7":{"name":"(anonymous_7)","decl":{"start":{"line":172,"column":10},"end":{"line":172,"column":24}},"loc":{"start":{"line":172,"column":37},"end":{"line":186,"column":3}}},"8":{"name":"(anonymous_8)","decl":{"start":{"line":191,"column":10},"end":{"line":191,"column":30}},"loc":{"start":{"line":191,"column":43},"end":{"line":197,"column":3}}},"9":{"name":"parseCode","decl":{"start":{"line":203,"column":16},"end":{"line":203,"column":25}},"loc":{"start":{"line":203,"column":38},"end":{"line":206,"column":1}}}},"branchMap":{"0":{"loc":{"start":{"line":37,"column":6},"end":{"line":40,"column":7}},"type":"if","locations":[{"start":{"line":37,"column":6},"end":{"line":40,"column":7}}]},"1":{"loc":{"start":{"line":47,"column":6},"end":{"line":50,"column":7}},"type":"if","locations":[{"start":{"line":47,"column":6},"end":{"line":50,"column":7}}]},"2":{"loc":{"start":{"line":60,"column":18},"end":{"line":60,"column":65}},"type":"cond-expr","locations":[{"start":{"line":60,"column":45},"end":{"line":60,"column":53}},{"start":{"line":60,"column":56},"end":{"line":60,"column":65}}]},"3":{"loc":{"start":{"line":64,"column":39},"end":{"line":64,"column":93}},"type":"cond-expr","locations":[{"start":{"line":64,"column":64},"end":{"line":64,"column":77}},{"start":{"line":64,"column":80},"end":{"line":64,"column":93}}]},"4":{"loc":{"start":{"line":85,"column":4},"end":{"line":87,"column":5}},"type":"if","locations":[{"start":{"line":85,"column":4},"end":{"line":87,"column":5}}]},"5":{"loc":{"start":{"line":109,"column":62},"end":{"line":109,"column":116}},"type":"cond-expr","locations":[{"start":{"line":109,"column":87},"end":{"line":109,"column":100}},{"start":{"line":109,"column":103},"end":{"line":109,"column":116}}]},"6":{"loc":{"start":{"line":122,"column":4},"end":{"line":124,"column":5}},"type":"if","locations":[{"start":{"line":122,"column":4},"end":{"line":124,"column":5}}]},"7":{"loc":{"start":{"line":131,"column":4},"end":{"line":133,"column":5}},"type":"if","locations":[{"start":{"line":131,"column":4},"end":{"line":133,"column":5}}]},"8":{"loc":{"start":{"line":157,"column":6},"end":{"line":163,"column":7}},"type":"if","locations":[{"start":{"line":157,"column":6},"end":{"line":163,"column":7}},{"start":{"line":159,"column":13},"end":{"line":163,"column":7}}]},"9":{"loc":{"start":{"line":157,"column":10},"end":{"line":157,"column":41}},"type":"binary-expr","locations":[{"start":{"line":157,"column":10},"end":{"line":157,"column":24}},{"start":{"line":157,"column":28},"end":{"line":157,"column":41}}]},"10":{"loc":{"start":{"line":159,"column":13},"end":{"line":163,"column":7}},"type":"if","locations":[{"start":{"line":159,"column":13},"end":{"line":163,"column":7}}]},"11":{"loc":{"start":{"line":177,"column":4},"end":{"line":179,"column":5}},"type":"if","locations":[{"start":{"line":177,"column":4},"end":{"line":179,"column":5}}]},"12":{"loc":{"start":{"line":193,"column":4},"end":{"line":195,"column":5}},"type":"if","locations":[{"start":{"line":193,"column":4},"end":{"line":195,"column":5}}]}},"s":{"0":1,"1":32,"2":32,"3":32,"4":32,"5":32,"6":32,"7":32,"8":1,"9":1,"10":31,"11":31,"12":31,"13":1,"14":1,"15":30,"16":30,"17":0,"18":0,"19":32,"20":32,"21":32,"22":32,"23":32,"24":1,"25":31,"26":31,"27":31,"28":31,"29":39,"30":39,"31":39,"32":39,"33":36,"34":3,"35":31,"36":39,"37":39,"38":2,"39":37,"40":37,"41":36,"42":36,"43":0,"44":36,"45":36,"46":37,"47":37,"48":37,"49":37,"50":37,"51":63,"52":63,"53":13,"54":50,"55":50,"56":49,"57":36,"58":50,"59":50,"60":50,"61":1,"62":49,"63":49,"64":49,"65":49,"66":31,"67":31,"68":1,"69":30,"70":1,"71":32,"72":32},"f":{"0":32,"1":32,"2":32,"3":32,"4":31,"5":39,"6":37,"7":50,"8":31,"9":32},"b":{"0":[1],"1":[1],"2":[27,3],"3":[0,0],"4":[1],"5":[3,0],"6":[2],"7":[0],"8":[13,50],"9":[63,53],"10":[50],"11":[1],"12":[1]}}
,"/home/runner/work/coder-arena/coder-arena/server/src/engine/casl/CASLValidator.ts": {"path":"/home/runner/work/coder-arena/coder-arena/server/src/engine/casl/CASLValidator.ts","statementMap":{"0":{"start":{"line":232,"column":0},"end":{"line":232,"column":16}},"1":{"start":{"line":45,"column":4},"end":{"line":45,"column":21}},"2":{"start":{"line":46,"column":4},"end":{"line":46,"column":23}},"3":{"start":{"line":53,"column":4},"end":{"line":53,"column":21}},"4":{"start":{"line":54,"column":4},"end":{"line":54,"column":23}},"5":{"start":{"line":57,"column":4},"end":{"line":57,"column":45}},"6":{"start":{"line":60,"column":4},"end":{"line":60,"column":50}},"7":{"start":{"line":63,"column":4},"end":{"line":65,"column":7}},"8":{"start":{"line":64,"column":6},"end":{"line":64,"column":37}},"9":{"start":{"line":68,"column":4},"end":{"line":68,"column":59}},"10":{"start":{"line":70,"column":4},"end":{"line":74,"column":6}},"11":{"start":{"line":81,"column":4},"end":{"line":84,"column":5}},"12":{"start":{"line":82,"column":6},"end":{"line":82,"column":56}},"13":{"start":{"line":83,"column":6},"end":{"line":83,"column":13}},"14":{"start":{"line":86,"column":4},"end":{"line":90,"column":5}},"15":{"start":{"line":87,"column":6},"end":{"line":89,"column":8}},"16":{"start":{"line":92,"column":4},"end":{"line":96,"column":5}},"17":{"start":{"line":93,"column":6},"end":{"line":95,"column":8}},"18":{"start":{"line":103,"column":4},"end":{"line":105,"column":5}},"19":{"start":{"line":104,"column":6},"end":{"line":104,"column":82}},"20":{"start":{"line":107,"column":4},"end":{"line":111,"column":5}},"21":{"start":{"line":108,"column":6},"end":{"line":110,"column":8}},"22":{"start":{"line":118,"column":23},"end":{"line":118,"column":59}},"23":{"start":{"line":121,"column":4},"end":{"line":123,"column":5}},"24":{"start":{"line":122,"column":6},"end":{"line":122,"column":67}},"25":{"start":{"line":126,"column":27},"end":{"line":126,"column":64}},"26":{"start":{"line":127,"column":4},"end":{"line":130,"column":5}},"27":{"start":{"line":128,"column":6},"end":{"line":128,"column":74}},"28":{"start":{"line":129,"column":6},"end":{"line":129,"column":13}},"29":{"start":{"line":132,"column":4},"end":{"line":136,"column":5}},"30":{"start":{"line":133,"column":6},"end":{"line":135,"column":8}},"31":{"start":{"line":139,"column":4},"end":{"line":141,"column":7}},"32":{"start":{"line":140,"column":6},"end":{"line":140,"column":85}},"33":{"start":{"line":144,"column":26},"end":{"line":144,"column":62}},"34":{"start":{"line":145,"column":4},"end":{"line":149,"column":5}},"35":{"start":{"line":146,"column":6},"end":{"line":148,"column":8}},"36":{"start":{"line":152,"column":4},"end":{"line":158,"column":7}},"37":{"start":{"line":153,"column":6},"end":{"line":157,"column":7}},"38":{"start":{"line":154,"column":8},"end":{"line":156,"column":10}},"39":{"start":{"line":161,"column":4},"end":{"line":161,"column":49}},"40":{"start":{"line":169,"column":4},"end":{"line":173,"column":5}},"41":{"start":{"line":170,"column":6},"end":{"line":172,"column":8}},"42":{"start":{"line":176,"column":4},"end":{"line":180,"column":5}},"43":{"start":{"line":177,"column":6},"end":{"line":179,"column":8}},"44":{"start":{"line":183,"column":4},"end":{"line":189,"column":5}},"45":{"start":{"line":184,"column":6},"end":{"line":184,"column":60}},"46":{"start":{"line":185,"column":11},"end":{"line":189,"column":5}},"47":{"start":{"line":186,"column":6},"end":{"line":186,"column":50}},"48":{"start":{"line":187,"column":11},"end":{"line":189,"column":5}},"49":{"start":{"line":188,"column":6},"end":{"line":188,"column":58}},"50":{"start":{"line":192,"column":4},"end":{"line":198,"column":5}},"51":{"start":{"line":193,"column":6},"end":{"line":197,"column":7}},"52":{"start":{"line":194,"column":8},"end":{"line":194,"column":75}},"53":{"start":{"line":195,"column":13},"end":{"line":197,"column":7}},"54":{"start":{"line":196,"column":8},"end":{"line":196,"column":104}},"55":{"start":{"line":200,"column":4},"end":{"line":206,"column":5}},"56":{"start":{"line":201,"column":6},"end":{"line":205,"column":7}},"57":{"start":{"line":202,"column":8},"end":{"line":202,"column":76}},"58":{"start":{"line":203,"column":13},"end":{"line":205,"column":7}},"59":{"start":{"line":204,"column":8},"end":{"line":204,"column":111}},"60":{"start":{"line":208,"column":4},"end":{"line":214,"column":5}},"61":{"start":{"line":209,"column":6},"end":{"line":213,"column":7}},"62":{"start":{"line":210,"column":8},"end":{"line":210,"column":69}},"63":{"start":{"line":211,"column":13},"end":{"line":213,"column":7}},"64":{"start":{"line":212,"column":8},"end":{"line":212,"column":105}},"65":{"start":{"line":221,"column":4},"end":{"line":225,"column":5}},"66":{"start":{"line":222,"column":6},"end":{"line":224,"column":8}},"67":{"start":{"line":12,"column":0},"end":{"line":12,"column":13}},"68":{"start":{"line":13,"column":26},"end":{"line":19,"column":4}},"69":{"start":{"line":21,"column":26},"end":{"line":28,"column":4}},"70":{"start":{"line":30,"column":26},"end":{"line":36,"column":4}},"71":{"start":{"line":38,"column":26},"end":{"line":38,"column":41}},"72":{"start":{"line":39,"column":26},"end":{"line":39,"column":54}},"73":{"start":{"line":233,"column":20},"end":{"line":233,"column":39}},"74":{"start":{"line":234,"column":2},"end":{"line":234,"column":38}}},"fnMap":{"0":{"name":"(anonymous_0)","decl":{"start":{"line":44,"column":2},"end":{"line":44,"column":null}},"loc":{"start":{"line":44,"column":2},"end":{"line":47,"column":3}}},"1":{"name":"(anonymous_1)","decl":{"start":{"line":52,"column":2},"end":{"line":52,"column":10}},"loc":{"start":{"line":52,"column":33},"end":{"line":75,"column":3}}},"2":{"name":"(anonymous_2)","decl":{"start":{"line":63,"column":27},"end":{"line":63,"column":28}},"loc":{"start":{"line":63,"column":43},"end":{"line":65,"column":5}}},"3":{"name":"(anonymous_3)","decl":{"start":{"line":80,"column":10},"end":{"line":80,"column":30}},"loc":{"start":{"line":80,"column":43},"end":{"line":97,"column":3}}},"4":{"name":"(anonymous_4)","decl":{"start":{"line":102,"column":10},"end":{"line":102,"column":27}},"loc":{"start":{"line":102,"column":41},"end":{"line":112,"column":3}}},"5":{"name":"(anonymous_5)","decl":{"start":{"line":117,"column":10},"end":{"line":117,"column":22}},"loc":{"start":{"line":117,"column":47},"end":{"line":162,"column":3}}},"6":{"name":"(anonymous_6)","decl":{"start":{"line":139,"column":43},"end":{"line":139,"column":44}},"loc":{"start":{"line":139,"column":81},"end":{"line":141,"column":5}}},"7":{"name":"(anonymous_7)","decl":{"start":{"line":152,"column":42},"end":{"line":152,"column":43}},"loc":{"start":{"line":152,"column":74},"end":{"line":158,"column":5}}},"8":{"name":"(anonymous_8)","decl":{"start":{"line":167,"column":10},"end":{"line":167,"column":27}},"loc":{"start":{"line":167,"column":58},"end":{"line":215,"column":3}}},"9":{"name":"(anonymous_9)","decl":{"start":{"line":220,"column":10},"end":{"line":220,"column":24}},"loc":{"start":{"line":220,"column":52},"end":{"line":226,"column":3}}},"10":{"name":"validateStrategy","decl":{"start":{"line":232,"column":16},"end":{"line":232,"column":32}},"loc":{"start":{"line":232,"column":55},"end":{"line":235,"column":1}}}},"branchMap":{"0":{"loc":{"start":{"line":81,"column":4},"end":{"line":84,"column":5}},"type":"if","locations":[{"start":{"line":81,"column":4},"end":{"line":84,"column":5}}]},"1":{"loc":{"start":{"line":81,"column":8},"end":{"line":81,"column":41}},"type":"binary-expr","locations":[{"start":{"line":81,"column":8},"end":{"line":81,"column":13}},{"start":{"line":81,"column":17},"end":{"line":81,"column":41}}]},"2":{"loc":{"start":{"line":86,"column":4},"end":{"line":90,"column":5}},"type":"if","locations":[{"start":{"line":86,"column":4},"end":{"line":90,"column":5}}]},"3":{"loc":{"start":{"line":92,"column":4},"end":{"line":96,"column":5}},"type":"if","locations":[{"start":{"line":92,"column":4},"end":{"line":96,"column":5}}]},"4":{"loc":{"start":{"line":103,"column":4},"end":{"line":105,"column":5}},"type":"if","locations":[{"start":{"line":103,"column":4},"end":{"line":105,"column":5}}]},"5":{"loc":{"start":{"line":107,"column":4},"end":{"line":111,"column":5}},"type":"if","locations":[{"start":{"line":107,"column":4},"end":{"line":111,"column":5}}]},"6":{"loc":{"start":{"line":121,"column":4},"end":{"line":123,"column":5}},"type":"if","locations":[{"start":{"line":121,"column":4},"end":{"line":123,"column":5}}]},"7":{"loc":{"start":{"line":121,"column":8},"end":{"line":121,"column":51}},"type":"binary-expr","locations":[{"start":{"line":121,"column":8},"end":{"line":121,"column":18}},{"start":{"line":121,"column":22},"end":{"line":121,"column":51}}]},"8":{"loc":{"start":{"line":127,"column":4},"end":{"line":130,"column":5}},"type":"if","locations":[{"start":{"line":127,"column":4},"end":{"line":130,"column":5}}]},"9":{"loc":{"start":{"line":132,"column":4},"end":{"line":136,"column":5}},"type":"if","locations":[{"start":{"line":132,"column":4},"end":{"line":136,"column":5}}]},"10":{"loc":{"start":{"line":145,"column":4},"end":{"line":149,"column":5}},"type":"if","locations":[{"start":{"line":145,"column":4},"end":{"line":149,"column":5}}]},"11":{"loc":{"start":{"line":153,"column":6},"end":{"line":157,"column":7}},"type":"if","locations":[{"start":{"line":153,"column":6},"end":{"line":157,"column":7}}]},"12":{"loc":{"start":{"line":153,"column":10},"end":{"line":153,"column":37}},"type":"binary-expr","locations":[{"start":{"line":153,"column":10},"end":{"line":153,"column":22}},{"start":{"line":153,"column":26},"end":{"line":153,"column":37}}]},"13":{"loc":{"start":{"line":169,"column":4},"end":{"line":173,"column":5}},"type":"if","locations":[{"start":{"line":169,"column":4},"end":{"line":173,"column":5}}]},"14":{"loc":{"start":{"line":176,"column":4},"end":{"line":180,"column":5}},"type":"if","locations":[{"start":{"line":176,"column":4},"end":{"line":180,"column":5}}]},"15":{"loc":{"start":{"line":183,"column":4},"end":{"line":189,"column":5}},"type":"if","locations":[{"start":{"line":183,"column":4},"end":{"line":189,"column":5}},{"start":{"line":185,"column":11},"end":{"line":189,"column":5}}]},"16":{"loc":{"start":{"line":185,"column":11},"end":{"line":189,"column":5}},"type":"if","locations":[{"start":{"line":185,"column":11},"end":{"line":189,"column":5}},{"start":{"line":187,"column":11},"end":{"line":189,"column":5}}]},"17":{"loc":{"start":{"line":187,"column":11},"end":{"line":189,"column":5}},"type":"if","locations":[{"start":{"line":187,"column":11},"end":{"line":189,"column":5}}]},"18":{"loc":{"start":{"line":192,"column":4},"end":{"line":198,"column":5}},"type":"if","locations":[{"start":{"line":192,"column":4},"end":{"line":198,"column":5}}]},"19":{"loc":{"start":{"line":192,"column":8},"end":{"line":192,"column":79}},"type":"binary-expr","locations":[{"start":{"line":192,"column":8},"end":{"line":192,"column":42}},{"start":{"line":192,"column":46},"end":{"line":192,"column":79}}]},"20":{"loc":{"start":{"line":193,"column":6},"end":{"line":197,"column":7}},"type":"if","locations":[{"start":{"line":193,"column":6},"end":{"line":197,"column":7}},{"start":{"line":195,"column":13},"end":{"line":197,"column":7}}]},"21":{"loc":{"start":{"line":195,"column":13},"end":{"line":197,"column":7}},"type":"if","locations":[{"start":{"line":195,"column":13},"end":{"line":197,"column":7}}]},"22":{"loc":{"start":{"line":200,"column":4},"end":{"line":206,"column":5}},"type":"if","locations":[{"start":{"line":200,"column":4},"end":{"line":206,"column":5}}]},"23":{"loc":{"start":{"line":200,"column":8},"end":{"line":200,"column":95}},"type":"binary-expr","locations":[{"start":{"line":200,"column":8},"end":{"line":200,"column":50}},{"start":{"line":200,"column":54},"end":{"line":200,"column":95}}]},"24":{"loc":{"start":{"line":201,"column":6},"end":{"line":205,"column":7}},"type":"if","locations":[{"start":{"line":201,"column":6},"end":{"line":205,"column":7}},{"start":{"line":203,"column":13},"end":{"line":205,"column":7}}]},"25":{"loc":{"start":{"line":203,"column":13},"end":{"line":205,"column":7}},"type":"if","locations":[{"start":{"line":203,"column":13},"end":{"line":205,"column":7}}]},"26":{"loc":{"start":{"line":208,"column":4},"end":{"line":214,"column":5}},"type":"if","locations":[{"start":{"line":208,"column":4},"end":{"line":214,"column":5}}]},"27":{"loc":{"start":{"line":209,"column":6},"end":{"line":213,"column":7}},"type":"if","locations":[{"start":{"line":209,"column":6},"end":{"line":213,"column":7}},{"start":{"line":211,"column":13},"end":{"line":213,"column":7}}]},"28":{"loc":{"start":{"line":211,"column":13},"end":{"line":213,"column":7}},"type":"if","locations":[{"start":{"line":211,"column":13},"end":{"line":213,"column":7}}]},"29":{"loc":{"start":{"line":221,"column":4},"end":{"line":225,"column":5}},"type":"if","locations":[{"start":{"line":221,"column":4},"end":{"line":225,"column":5}}]}},"s":{"0":1,"1":40,"2":40,"3":40,"4":40,"5":40,"6":40,"7":40,"8":55,"9":40,"10":40,"11":40,"12":1,"13":1,"14":39,"15":1,"16":39,"17":1,"18":40,"19":5,"20":40,"21":1,"22":55,"23":55,"24":1,"25":55,"26":55,"27":1,"28":1,"29":54,"30":1,"31":54,"32":67,"33":54,"34":54,"35":1,"36":54,"37":14,"38":1,"39":54,"40":67,"41":1,"42":67,"43":1,"44":67,"45":1,"46":66,"47":1,"48":65,"49":1,"50":67,"51":9,"52":1,"53":8,"54":1,"55":67,"56":3,"57":0,"58":3,"59":2,"60":67,"61":54,"62":0,"63":54,"64":2,"65":94,"66":2,"67":1,"68":1,"69":1,"70":1,"71":1,"72":1,"73":40,"74":40},"f":{"0":40,"1":40,"2":55,"3":40,"4":40,"5":55,"6":67,"7":14,"8":67,"9":94,"10":40},"b":{"0":[1],"1":[40,39],"2":[1],"3":[1],"4":[5],"5":[1],"6":[1],"7":[55,54],"8":[1],"9":[1],"10":[1],"11":[1],"12":[14,1],"13":[1],"14":[1],"15":[1,66],"16":[1,65],"17":[1],"18":[9],"19":[67,63],"20":[1,8],"21":[1],"22":[3],"23":[67,66],"24":[0,3],"25":[2],"26":[54],"27":[0,54],"28":[2],"29":[2]}}
,"/home/runner/work/coder-arena/coder-arena/server/src/managers/AuthManager.ts": {"path":"/home/runner/work/coder-arena/coder-arena/server/src/managers/AuthManager.ts","statementMap":{"0":{"start":{"line":1,"column":0},"end":{"line":1,"column":31}},"1":{"start":{"line":2,"column":0},"end":{"line":2,"column":40}},"2":{"start":{"line":4,"column":19},"end":{"line":4,"column":73}},"3":{"start":{"line":5,"column":19},"end":{"line":5,"column":23}},"4":{"start":{"line":12,"column":4},"end":{"line":12,"column":29}},"5":{"start":{"line":13,"column":4},"end":{"line":13,"column":39}},"6":{"start":{"line":21,"column":4},"end":{"line":23,"column":5}},"7":{"start":{"line":22,"column":6},"end":{"line":22,"column":73}},"8":{"start":{"line":24,"column":4},"end":{"line":26,"column":5}},"9":{"start":{"line":25,"column":6},"end":{"line":25,"column":75}},"10":{"start":{"line":27,"column":4},"end":{"line":27,"column":27}},"11":{"start":{"line":35,"column":23},"end":{"line":35,"column":54}},"12":{"start":{"line":36,"column":4},"end":{"line":38,"column":5}},"13":{"start":{"line":37,"column":6},"end":{"line":37,"column":57}},"14":{"start":{"line":41,"column":19},"end":{"line":41,"column":49}},"15":{"start":{"line":44,"column":4},"end":{"line":44,"column":40}},"16":{"start":{"line":45,"column":4},"end":{"line":45,"column":49}},"17":{"start":{"line":48,"column":18},"end":{"line":51,"column":null}},"18":{"start":{"line":54,"column":4},"end":{"line":54,"column":44}},"19":{"start":{"line":61,"column":4},"end":{"line":72,"column":5}},"20":{"start":{"line":62,"column":22},"end":{"line":62,"column":93}},"21":{"start":{"line":63,"column":21},"end":{"line":63,"column":55}},"22":{"start":{"line":65,"column":6},"end":{"line":67,"column":7}},"23":{"start":{"line":66,"column":8},"end":{"line":66,"column":61}},"24":{"start":{"line":69,"column":6},"end":{"line":69,"column":39}},"25":{"start":{"line":71,"column":6},"end":{"line":71,"column":67}},"26":{"start":{"line":79,"column":19},"end":{"line":79,"column":45}},"27":{"start":{"line":80,"column":4},"end":{"line":84,"column":5}},"28":{"start":{"line":81,"column":6},"end":{"line":81,"column":53}},"29":{"start":{"line":82,"column":6},"end":{"line":82,"column":36}},"30":{"start":{"line":83,"column":6},"end":{"line":83,"column":18}},"31":{"start":{"line":85,"column":4},"end":{"line":85,"column":17}},"32":{"start":{"line":92,"column":4},"end":{"line":92,"column":38}},"33":{"start":{"line":99,"column":4},"end":{"line":99,"column":48}},"34":{"start":{"line":106,"column":19},"end":{"line":106,"column":45}},"35":{"start":{"line":107,"column":4},"end":{"line":115,"column":5}},"36":{"start":{"line":109,"column":6},"end":{"line":109,"column":53}},"37":{"start":{"line":111,"column":6},"end":{"line":111,"column":33}},"38":{"start":{"line":113,"column":6},"end":{"line":113,"column":51}},"39":{"start":{"line":114,"column":6},"end":{"line":114,"column":18}},"40":{"start":{"line":116,"column":4},"end":{"line":116,"column":17}},"41":{"start":{"line":123,"column":4},"end":{"line":123,"column":45}},"42":{"start":{"line":7,"column":0},"end":{"line":7,"column":13}}},"fnMap":{"0":{"name":"(anonymous_1)","decl":{"start":{"line":11,"column":2},"end":{"line":11,"column":null}},"loc":{"start":{"line":11,"column":2},"end":{"line":14,"column":3}}},"1":{"name":"(anonymous_2)","decl":{"start":{"line":20,"column":10},"end":{"line":20,"column":26}},"loc":{"start":{"line":20,"column":43},"end":{"line":28,"column":3}}},"2":{"name":"(anonymous_3)","decl":{"start":{"line":33,"column":2},"end":{"line":33,"column":7}},"loc":{"start":{"line":33,"column":42},"end":{"line":55,"column":3}}},"3":{"name":"(anonymous_4)","decl":{"start":{"line":60,"column":2},"end":{"line":60,"column":15}},"loc":{"start":{"line":60,"column":29},"end":{"line":73,"column":3}}},"4":{"name":"(anonymous_5)","decl":{"start":{"line":78,"column":2},"end":{"line":78,"column":8}},"loc":{"start":{"line":78,"column":25},"end":{"line":86,"column":3}}},"5":{"name":"(anonymous_6)","decl":{"start":{"line":91,"column":2},"end":{"line":91,"column":11}},"loc":{"start":{"line":91,"column":28},"end":{"line":93,"column":3}}},"6":{"name":"(anonymous_7)","decl":{"start":{"line":98,"column":2},"end":{"line":98,"column":21}},"loc":{"start":{"line":98,"column":38},"end":{"line":100,"column":3}}},"7":{"name":"(anonymous_8)","decl":{"start":{"line":105,"column":2},"end":{"line":105,"column":16}},"loc":{"start":{"line":105,"column":51},"end":{"line":117,"column":3}}},"8":{"name":"(anonymous_9)","decl":{"start":{"line":122,"column":2},"end":{"line":122,"column":15}},"loc":{"start":{"line":122,"column":15},"end":{"line":124,"column":3}}}},"branchMap":{"0":{"loc":{"start":{"line":4,"column":19},"end":{"line":4,"column":73}},"type":"binary-expr","locations":[{"start":{"line":4,"column":19},"end":{"line":4,"column":41}},{"start":{"line":4,"column":45},"end":{"line":4,"column":73}}]},"1":{"loc":{"start":{"line":21,"column":4},"end":{"line":23,"column":5}},"type":"if","locations":[{"start":{"line":21,"column":4},"end":{"line":23,"column":5}}]},"2":{"loc":{"start":{"line":21,"column":8},"end":{"line":21,"column":64}},"type":"binary-expr","locations":[{"start":{"line":21,"column":8},"end":{"line":21,"column":17}},{"start":{"line":21,"column":21},"end":{"line":21,"column":40}},{"start":{"line":21,"column":44},"end":{"line":21,"column":64}}]},"3":{"loc":{"start":{"line":24,"column":4},"end":{"line":26,"column":5}},"type":"if","locations":[{"start":{"line":24,"column":4},"end":{"line":26,"column":5}}]},"4":{"loc":{"start":{"line":36,"column":4},"end":{"line":38,"column":5}},"type":"if","locations":[{"start":{"line":36,"column":4},"end":{"line":38,"column":5}}]},"5":{"loc":{"start":{"line":65,"column":6},"end":{"line":67,"column":7}},"type":"if","locations":[{"start":{"line":65,"column":6},"end":{"line":67,"column":7}}]},"6":{"loc":{"start":{"line":80,"column":4},"end":{"line":84,"column":5}},"type":"if","locations":[{"start":{"line":80,"column":4},"end":{"line":84,"column":5}}]},"7":{"loc":{"start":{"line":107,"column":4},"end":{"line":115,"column":5}},"type":"if","locations":[{"start":{"line":107,"column":4},"end":{"line":115,"column":5}}]}},"s":{"0":0,"1":0,"2":0,"3":0,"4":0,"5":0,"6":0,"7":0,"8":0,"9":0,"10":0,"11":0,"12":0,"13":0,"14":0,"15":0,"16":0,"17":0,"18":0,"19":0,"20":0,"21":0,"22":0,"23":0,"24":0,"25":0,"26":0,"27":0,"28":0,"29":0,"30":0,"31":0,"32":0,"33":0,"34":0,"35":0,"36":0,"37":0,"38":0,"39":0,"40":0,"41":0,"42":0},"f":{"0":0,"1":0,"2":0,"3":0,"4":0,"5":0,"6":0,"7":0,"8":0},"b":{"0":[0,0],"1":[0],"2":[0,0,0],"3":[0],"4":[0],"5":[0],"6":[0],"7":[0]}}
,"/home/runner/work/coder-arena/coder-arena/server/src/managers/LobbyManager.ts": {"path":"/home/runner/work/coder-arena/coder-arena/server/src/managers/LobbyManager.ts","statementMap":{"0":{"start":{"line":12,"column":4},"end":{"line":12,"column":17}},"1":{"start":{"line":13,"column":4},"end":{"line":13,"column":35}},"2":{"start":{"line":14,"column":4},"end":{"line":14,"column":34}},"3":{"start":{"line":21,"column":4},"end":{"line":21,"column":37}},"4":{"start":{"line":22,"column":4},"end":{"line":22,"column":25}},"5":{"start":{"line":23,"column":4},"end":{"line":23,"column":58}},"6":{"start":{"line":24,"column":4},"end":{"line":24,"column":32}},"7":{"start":{"line":31,"column":4},"end":{"line":31,"column":39}},"8":{"start":{"line":32,"column":4},"end":{"line":32,"column":49}},"9":{"start":{"line":33,"column":4},"end":{"line":33,"column":32}},"10":{"start":{"line":40,"column":4},"end":{"line":40,"column":43}},"11":{"start":{"line":47,"column":23},"end":{"line":47,"column":55}},"12":{"start":{"line":49,"column":29},"end":{"line":49,"column":80}},"13":{"start":{"line":49,"column":52},"end":{"line":49,"column":79}},"14":{"start":{"line":51,"column":4},"end":{"line":54,"column":6}},"15":{"start":{"line":52,"column":41},"end":{"line":52,"column":57}},"16":{"start":{"line":61,"column":23},"end":{"line":61,"column":43}},"17":{"start":{"line":62,"column":4},"end":{"line":62,"column":57}},"18":{"start":{"line":69,"column":4},"end":{"line":69,"column":29}},"19":{"start":{"line":6,"column":0},"end":{"line":6,"column":13}}},"fnMap":{"0":{"name":"(anonymous_0)","decl":{"start":{"line":11,"column":2},"end":{"line":11,"column":14}},"loc":{"start":{"line":11,"column":58},"end":{"line":15,"column":3}}},"1":{"name":"(anonymous_1)","decl":{"start":{"line":20,"column":2},"end":{"line":20,"column":11}},"loc":{"start":{"line":20,"column":42},"end":{"line":25,"column":3}}},"2":{"name":"(anonymous_2)","decl":{"start":{"line":30,"column":2},"end":{"line":30,"column":12}},"loc":{"start":{"line":30,"column":29},"end":{"line":34,"column":3}}},"3":{"name":"(anonymous_3)","decl":{"start":{"line":39,"column":2},"end":{"line":39,"column":11}},"loc":{"start":{"line":39,"column":28},"end":{"line":41,"column":3}}},"4":{"name":"(anonymous_4)","decl":{"start":{"line":46,"column":2},"end":{"line":46,"column":15}},"loc":{"start":{"line":46,"column":15},"end":{"line":55,"column":3}}},"5":{"name":"(anonymous_5)","decl":{"start":{"line":49,"column":47},"end":{"line":49,"column":48}},"loc":{"start":{"line":49,"column":52},"end":{"line":49,"column":79}}},"6":{"name":"(anonymous_6)","decl":{"start":{"line":52,"column":36},"end":{"line":52,"column":37}},"loc":{"start":{"line":52,"column":41},"end":{"line":52,"column":57}}},"7":{"name":"(anonymous_7)","decl":{"start":{"line":60,"column":2},"end":{"line":60,"column":22}},"loc":{"start":{"line":60,"column":22},"end":{"line":63,"column":3}}},"8":{"name":"(anonymous_8)","decl":{"start":{"line":68,"column":2},"end":{"line":68,"column":17}},"loc":{"start":{"line":68,"column":17},"end":{"line":70,"column":3}}}},"branchMap":{},"s":{"0":0,"1":0,"2":0,"3":0,"4":0,"5":0,"6":0,"7":0,"8":0,"9":0,"10":0,"11":0,"12":0,"13":0,"14":0,"15":0,"16":0,"17":0,"18":0,"19":0},"f":{"0":0,"1":0,"2":0,"3":0,"4":0,"5":0,"6":0,"7":0,"8":0},"b":{}}
,"/home/runner/work/coder-arena/coder-arena/server/src/network/socketServer.ts": {"path":"/home/runner/work/coder-arena/coder-arena/server/src/network/socketServer.ts","statementMap":{"0":{"start":{"line":20,"column":0},"end":{"line":20,"column":16}},"1":{"start":{"line":61,"column":0},"end":{"line":61,"column":16}},"2":{"start":{"line":1,"column":0},"end":{"line":1,"column":53}},"3":{"start":{"line":3,"column":0},"end":{"line":3,"column":54}},"4":{"start":{"line":4,"column":0},"end":{"line":4,"column":56}},"5":{"start":{"line":5,"column":0},"end":{"line":5,"column":67}},"6":{"start":{"line":6,"column":0},"end":{"line":6,"column":69}},"7":{"start":{"line":8,"column":32},"end":{"line":8,"column":36}},"8":{"start":{"line":9,"column":43},"end":{"line":9,"column":47}},"9":{"start":{"line":10,"column":38},"end":{"line":10,"column":42}},"10":{"start":{"line":11,"column":40},"end":{"line":11,"column":44}},"11":{"start":{"line":14,"column":34},"end":{"line":14,"column":36}},"12":{"start":{"line":15,"column":24},"end":{"line":15,"column":25}},"13":{"start":{"line":21,"column":2},"end":{"line":26,"column":5}},"14":{"start":{"line":29,"column":2},"end":{"line":29,"column":34}},"15":{"start":{"line":30,"column":2},"end":{"line":30,"column":51}},"16":{"start":{"line":32,"column":2},"end":{"line":51,"column":5}},"17":{"start":{"line":33,"column":4},"end":{"line":33,"column":36}},"18":{"start":{"line":36,"column":4},"end":{"line":38,"column":5}},"19":{"start":{"line":37,"column":6},"end":{"line":37,"column":52}},"20":{"start":{"line":41,"column":4},"end":{"line":44,"column":5}},"21":{"start":{"line":42,"column":6},"end":{"line":42,"column":62}},"22":{"start":{"line":43,"column":6},"end":{"line":43,"column":63}},"23":{"start":{"line":46,"column":4},"end":{"line":50,"column":7}},"24":{"start":{"line":47,"column":6},"end":{"line":47,"column":41}},"25":{"start":{"line":53,"column":2},"end":{"line":53,"column":55}},"26":{"start":{"line":62,"column":2},"end":{"line":64,"column":3}},"27":{"start":{"line":63,"column":4},"end":{"line":63,"column":11}},"28":{"start":{"line":67,"column":2},"end":{"line":69,"column":3}},"29":{"start":{"line":68,"column":4},"end":{"line":68,"column":11}},"30":{"start":{"line":72,"column":14},"end":{"line":72,"column":24}},"31":{"start":{"line":73,"column":33},"end":{"line":73,"column":56}},"32":{"start":{"line":75,"column":2},"end":{"line":77,"column":3}},"33":{"start":{"line":76,"column":4},"end":{"line":76,"column":11}},"34":{"start":{"line":79,"column":2},"end":{"line":79,"column":26}},"35":{"start":{"line":83,"column":19},"end":{"line":83,"column":33}},"36":{"start":{"line":84,"column":19},"end":{"line":84,"column":33}},"37":{"start":{"line":86,"column":18},"end":{"line":103,"column":4}},"38":{"start":{"line":106,"column":2},"end":{"line":106,"column":55}},"39":{"start":{"line":109,"column":2},"end":{"line":109,"column":34}}},"fnMap":{"0":{"name":"startSocketServer","decl":{"start":{"line":20,"column":16},"end":{"line":20,"column":33}},"loc":{"start":{"line":20,"column":33},"end":{"line":54,"column":1}}},"1":{"name":"(anonymous_1)","decl":{"start":{"line":32,"column":22},"end":{"line":32,"column":23}},"loc":{"start":{"line":32,"column":33},"end":{"line":51,"column":3}}},"2":{"name":"(anonymous_2)","decl":{"start":{"line":46,"column":28},"end":{"line":46,"column":31}},"loc":{"start":{"line":46,"column":33},"end":{"line":50,"column":5}}},"3":{"name":"broadcastMatchState","decl":{"start":{"line":61,"column":16},"end":{"line":61,"column":35}},"loc":{"start":{"line":61,"column":70},"end":{"line":110,"column":1}}}},"branchMap":{"0":{"loc":{"start":{"line":36,"column":4},"end":{"line":38,"column":5}},"type":"if","locations":[{"start":{"line":36,"column":4},"end":{"line":38,"column":5}}]},"1":{"loc":{"start":{"line":41,"column":4},"end":{"line":44,"column":5}},"type":"if","locations":[{"start":{"line":41,"column":4},"end":{"line":44,"column":5}}]},"2":{"loc":{"start":{"line":41,"column":8},"end":{"line":41,"column":35}},"type":"binary-expr","locations":[{"start":{"line":41,"column":8},"end":{"line":41,"column":19}},{"start":{"line":41,"column":23},"end":{"line":41,"column":35}}]},"3":{"loc":{"start":{"line":62,"column":2},"end":{"line":64,"column":3}},"type":"if","locations":[{"start":{"line":62,"column":2},"end":{"line":64,"column":3}}]},"4":{"loc":{"start":{"line":67,"column":2},"end":{"line":69,"column":3}},"type":"if","locations":[{"start":{"line":67,"column":2},"end":{"line":69,"column":3}}]},"5":{"loc":{"start":{"line":75,"column":2},"end":{"line":77,"column":3}},"type":"if","locations":[{"start":{"line":75,"column":2},"end":{"line":77,"column":3}}]},"6":{"loc":{"start":{"line":75,"column":6},"end":{"line":75,"column":67}},"type":"binary-expr","locations":[{"start":{"line":75,"column":6},"end":{"line":75,"column":13}},{"start":{"line":75,"column":17},"end":{"line":75,"column":67}}]},"7":{"loc":{"start":{"line":102,"column":8},"end":{"line":102,"column":28}},"type":"binary-expr","locations":[{"start":{"line":102,"column":8},"end":{"line":102,"column":14}},{"start":{"line":102,"column":18},"end":{"line":102,"column":28}}]}},"s":{"0":0,"1":0,"2":0,"3":0,"4":0,"5":0,"6":0,"7":0,"8":0,"9":0,"10":0,"11":0,"12":0,"13":0,"14":0,"15":0,"16":0,"17":0,"18":0,"19":0,"20":0,"21":0,"22":0,"23":0,"24":0,"25":0,"26":0,"27":0,"28":0,"29":0,"30":0,"31":0,"32":0,"33":0,"34":0,"35":0,"36":0,"37":0,"38":0,"39":0},"f":{"0":0,"1":0,"2":0,"3":0},"b":{"0":[0],"1":[0],"2":[0,0],"3":[0],"4":[0],"5":[0],"6":[0,0],"7":[0,0]}}
,"/home/runner/work/coder-arena/coder-arena/server/src/network/eventHandlers/authHandler.ts": {"path":"/home/runner/work/coder-arena/coder-arena/server/src/network/eventHandlers/authHandler.ts","statementMap":{"0":{"start":{"line":11,"column":0},"end":{"line":11,"column":16}},"1":{"start":{"line":20,"column":2},"end":{"line":38,"column":5}},"2":{"start":{"line":21,"column":25},"end":{"line":21,"column":29}},"3":{"start":{"line":23,"column":19},"end":{"line":23,"column":57}},"4":{"start":{"line":25,"column":4},"end":{"line":37,"column":5}},"5":{"start":{"line":26,"column":6},"end":{"line":30,"column":9}},"6":{"start":{"line":31,"column":6},"end":{"line":31,"column":61}},"7":{"start":{"line":33,"column":6},"end":{"line":36,"column":9}},"8":{"start":{"line":43,"column":2},"end":{"line":63,"column":5}},"9":{"start":{"line":44,"column":22},"end":{"line":44,"column":26}},"10":{"start":{"line":46,"column":19},"end":{"line":46,"column":51}},"11":{"start":{"line":48,"column":4},"end":{"line":62,"column":5}},"12":{"start":{"line":50,"column":6},"end":{"line":50,"column":62}},"13":{"start":{"line":52,"column":6},"end":{"line":55,"column":9}},"14":{"start":{"line":56,"column":6},"end":{"line":56,"column":84}},"15":{"start":{"line":58,"column":6},"end":{"line":61,"column":9}},"16":{"start":{"line":68,"column":2},"end":{"line":75,"column":5}},"17":{"start":{"line":69,"column":19},"end":{"line":69,"column":61}},"18":{"start":{"line":70,"column":4},"end":{"line":74,"column":5}},"19":{"start":{"line":71,"column":6},"end":{"line":71,"column":41}},"20":{"start":{"line":72,"column":6},"end":{"line":72,"column":36}},"21":{"start":{"line":73,"column":6},"end":{"line":73,"column":56}},"22":{"start":{"line":80,"column":2},"end":{"line":87,"column":5}},"23":{"start":{"line":81,"column":19},"end":{"line":81,"column":61}},"24":{"start":{"line":82,"column":4},"end":{"line":86,"column":5}},"25":{"start":{"line":83,"column":6},"end":{"line":83,"column":41}},"26":{"start":{"line":84,"column":6},"end":{"line":84,"column":36}},"27":{"start":{"line":85,"column":6},"end":{"line":85,"column":58}}},"fnMap":{"0":{"name":"registerAuthHandlers","decl":{"start":{"line":11,"column":16},"end":{"line":11,"column":36}},"loc":{"start":{"line":14,"column":28},"end":{"line":88,"column":1}}},"1":{"name":"(anonymous_1)","decl":{"start":{"line":20,"column":26},"end":{"line":20,"column":27}},"loc":{"start":{"line":20,"column":102},"end":{"line":38,"column":3}}},"2":{"name":"(anonymous_2)","decl":{"start":{"line":43,"column":29},"end":{"line":43,"column":30}},"loc":{"start":{"line":43,"column":111},"end":{"line":63,"column":3}}},"3":{"name":"(anonymous_3)","decl":{"start":{"line":68,"column":27},"end":{"line":68,"column":30}},"loc":{"start":{"line":68,"column":32},"end":{"line":75,"column":3}}},"4":{"name":"(anonymous_4)","decl":{"start":{"line":80,"column":26},"end":{"line":80,"column":29}},"loc":{"start":{"line":80,"column":31},"end":{"line":87,"column":3}}}},"branchMap":{"0":{"loc":{"start":{"line":25,"column":4},"end":{"line":37,"column":5}},"type":"if","locations":[{"start":{"line":25,"column":4},"end":{"line":37,"column":5}},{"start":{"line":32,"column":11},"end":{"line":37,"column":5}}]},"1":{"loc":{"start":{"line":25,"column":8},"end":{"line":25,"column":55}},"type":"binary-expr","locations":[{"start":{"line":25,"column":8},"end":{"line":25,"column":22}},{"start":{"line":25,"column":26},"end":{"line":25,"column":38}},{"start":{"line":25,"column":42},"end":{"line":25,"column":55}}]},"2":{"loc":{"start":{"line":35,"column":15},"end":{"line":35,"column":45}},"type":"binary-expr","locations":[{"start":{"line":35,"column":15},"end":{"line":35,"column":27}},{"start":{"line":35,"column":31},"end":{"line":35,"column":45}}]},"3":{"loc":{"start":{"line":48,"column":4},"end":{"line":62,"column":5}},"type":"if","locations":[{"start":{"line":48,"column":4},"end":{"line":62,"column":5}},{"start":{"line":57,"column":11},"end":{"line":62,"column":5}}]},"4":{"loc":{"start":{"line":48,"column":8},"end":{"line":48,"column":39}},"type":"binary-expr","locations":[{"start":{"line":48,"column":8},"end":{"line":48,"column":22}},{"start":{"line":48,"column":26},"end":{"line":48,"column":39}}]},"5":{"loc":{"start":{"line":60,"column":15},"end":{"line":60,"column":56}},"type":"binary-expr","locations":[{"start":{"line":60,"column":15},"end":{"line":60,"column":27}},{"start":{"line":60,"column":31},"end":{"line":60,"column":56}}]},"6":{"loc":{"start":{"line":70,"column":4},"end":{"line":74,"column":5}},"type":"if","locations":[{"start":{"line":70,"column":4},"end":{"line":74,"column":5}}]},"7":{"loc":{"start":{"line":82,"column":4},"end":{"line":86,"column":5}},"type":"if","locations":[{"start":{"line":82,"column":4},"end":{"line":86,"column":5}}]}},"s":{"0":0,"1":0,"2":0,"3":0,"4":0,"5":0,"6":0,"7":0,"8":0,"9":0,"10":0,"11":0,"12":0,"13":0,"14":0,"15":0,"16":0,"17":0,"18":0,"19":0,"20":0,"21":0,"22":0,"23":0,"24":0,"25":0,"26":0,"27":0},"f":{"0":0,"1":0,"2":0,"3":0,"4":0},"b":{"0":[0,0],"1":[0,0,0],"2":[0,0],"3":[0,0],"4":[0,0],"5":[0,0],"6":[0],"7":[0]}}
,"/home/runner/work/coder-arena/coder-arena/server/src/network/eventHandlers/lobbyHandler.ts": {"path":"/home/runner/work/coder-arena/coder-arena/server/src/network/eventHandlers/lobbyHandler.ts","statementMap":{"0":{"start":{"line":6,"column":0},"end":{"line":6,"column":16}},"1":{"start":{"line":15,"column":2},"end":{"line":37,"column":5}},"2":{"start":{"line":16,"column":22},"end":{"line":16,"column":26}},"3":{"start":{"line":19,"column":19},"end":{"line":19,"column":51}},"4":{"start":{"line":21,"column":4},"end":{"line":36,"column":5}},"5":{"start":{"line":23,"column":6},"end":{"line":23,"column":52}},"6":{"start":{"line":26,"column":25},"end":{"line":26,"column":53}},"7":{"start":{"line":27,"column":6},"end":{"line":27,"column":46}},"8":{"start":{"line":29,"column":6},"end":{"line":31,"column":7}},"9":{"start":{"line":30,"column":8},"end":{"line":30,"column":36}},"10":{"start":{"line":33,"column":6},"end":{"line":35,"column":7}},"11":{"start":{"line":34,"column":8},"end":{"line":34,"column":61}},"12":{"start":{"line":42,"column":2},"end":{"line":48,"column":5}},"13":{"start":{"line":43,"column":19},"end":{"line":43,"column":61}},"14":{"start":{"line":44,"column":4},"end":{"line":47,"column":5}},"15":{"start":{"line":45,"column":6},"end":{"line":45,"column":41}},"16":{"start":{"line":46,"column":6},"end":{"line":46,"column":28}},"17":{"start":{"line":53,"column":2},"end":{"line":59,"column":5}},"18":{"start":{"line":54,"column":19},"end":{"line":54,"column":61}},"19":{"start":{"line":55,"column":4},"end":{"line":58,"column":5}},"20":{"start":{"line":56,"column":25},"end":{"line":56,"column":53}},"21":{"start":{"line":57,"column":6},"end":{"line":57,"column":46}}},"fnMap":{"0":{"name":"registerLobbyHandlers","decl":{"start":{"line":6,"column":16},"end":{"line":6,"column":37}},"loc":{"start":{"line":9,"column":28},"end":{"line":60,"column":1}}},"1":{"name":"(anonymous_1)","decl":{"start":{"line":15,"column":26},"end":{"line":15,"column":27}},"loc":{"start":{"line":15,"column":122},"end":{"line":37,"column":3}}},"2":{"name":"(anonymous_2)","decl":{"start":{"line":42,"column":27},"end":{"line":42,"column":30}},"loc":{"start":{"line":42,"column":32},"end":{"line":48,"column":3}}},"3":{"name":"(anonymous_3)","decl":{"start":{"line":53,"column":35},"end":{"line":53,"column":38}},"loc":{"start":{"line":53,"column":40},"end":{"line":59,"column":3}}}},"branchMap":{"0":{"loc":{"start":{"line":21,"column":4},"end":{"line":36,"column":5}},"type":"if","locations":[{"start":{"line":21,"column":4},"end":{"line":36,"column":5}},{"start":{"line":32,"column":11},"end":{"line":36,"column":5}}]},"1":{"loc":{"start":{"line":21,"column":8},"end":{"line":21,"column":39}},"type":"binary-expr","locations":[{"start":{"line":21,"column":8},"end":{"line":21,"column":22}},{"start":{"line":21,"column":26},"end":{"line":21,"column":39}}]},"2":{"loc":{"start":{"line":29,"column":6},"end":{"line":31,"column":7}},"type":"if","locations":[{"start":{"line":29,"column":6},"end":{"line":31,"column":7}}]},"3":{"loc":{"start":{"line":33,"column":6},"end":{"line":35,"column":7}},"type":"if","locations":[{"start":{"line":33,"column":6},"end":{"line":35,"column":7}}]},"4":{"loc":{"start":{"line":44,"column":4},"end":{"line":47,"column":5}},"type":"if","locations":[{"start":{"line":44,"column":4},"end":{"line":47,"column":5}}]},"5":{"loc":{"start":{"line":55,"column":4},"end":{"line":58,"column":5}},"type":"if","locations":[{"start":{"line":55,"column":4},"end":{"line":58,"column":5}}]},"6":{"loc":{"start":{"line":55,"column":8},"end":{"line":55,"column":51}},"type":"binary-expr","locations":[{"start":{"line":55,"column":8},"end":{"line":55,"column":14}},{"start":{"line":55,"column":18},"end":{"line":55,"column":51}}]}},"s":{"0":0,"1":0,"2":0,"3":0,"4":0,"5":0,"6":0,"7":0,"8":0,"9":0,"10":0,"11":0,"12":0,"13":0,"14":0,"15":0,"16":0,"17":0,"18":0,"19":0,"20":0,"21":0},"f":{"0":0,"1":0,"2":0,"3":0},"b":{"0":[0,0],"1":[0,0],"2":[0],"3":[0],"4":[0],"5":[0],"6":[0,0]}}
}
