TN:
SF:server/src/index.ts
FN:16,(anonymous_1)
FN:20,(anonymous_2)
FNF:2
FNH:0
FNDA:0,(anonymous_1)
FNDA:0,(anonymous_2)
DA:1,0
DA:2,0
DA:3,0
DA:4,0
DA:6,0
DA:7,0
DA:10,0
DA:13,0
DA:16,0
DA:17,0
DA:20,0
DA:21,0
DA:24,0
DA:27,0
DA:30,0
LF:15
LH:0
BRF:0
BRH:0
end_of_record
TN:
SF:server/src/core/Player.ts
FN:1,(anonymous_0)
FN:22,(anonymous_1)
FN:31,(anonymous_2)
FNF:3
FNH:0
FNDA:0,(anonymous_0)
FNDA:0,(anonymous_1)
FNDA:0,(anonymous_2)
DA:1,0
DA:2,0
DA:3,0
DA:4,0
DA:5,0
DA:14,0
DA:23,0
DA:24,0
DA:25,0
DA:26,0
DA:27,0
DA:28,0
DA:32,0
LF:13
LH:0
BRDA:1,0,0,0
BRDA:1,0,1,0
BRF:2
BRH:0
end_of_record
TN:
SF:server/src/engine/defaultBehavior.ts
FN:12,getDefaultRules
FNF:1
FNH:0
FNDA:0,getDefaultRules
DA:12,0
DA:13,0
LF:2
LH:0
BRF:0
BRH:0
end_of_record
TN:
SF:server/src/engine/matchLoop.ts
FN:15,createFighter
FN:31,runSingleMatch
FN:32,(anonymous_2)
FN:46,(anonymous_3)
FN:95,runMatch
FN:132,(anonymous_5)
FNF:6
FNH:0
FNDA:0,createFighter
FNDA:0,runSingleMatch
FNDA:0,(anonymous_2)
FNDA:0,(anonymous_3)
FNDA:0,runMatch
FNDA:0,(anonymous_5)
DA:3,0
DA:4,0
DA:6,0
DA:9,0
DA:10,0
DA:16,0
DA:32,0
DA:34,0
DA:40,0
DA:41,0
DA:42,0
DA:43,0
DA:46,0
DA:48,0
DA:49,0
DA:52,0
DA:55,0
DA:58,0
DA:59,0
DA:60,0
DA:61,0
DA:64,0
DA:65,0
DA:68,0
DA:69,0
DA:70,0
DA:71,0
DA:72,0
DA:73,0
DA:74,0
DA:75,0
DA:77,0
DA:79,0
DA:80,0
DA:83,0
DA:85,0
DA:95,0
DA:97,0
DA:113,0
DA:129,0
DA:130,0
DA:132,0
LF:42
LH:0
BRDA:64,0,0,0
BRDA:64,1,0,0
BRDA:64,1,1,0
BRDA:70,2,0,0
BRDA:70,2,1,0
BRDA:70,3,0,0
BRDA:70,3,1,0
BRDA:73,4,0,0
BRDA:73,4,1,0
BRDA:73,5,0,0
BRDA:73,5,1,0
BRF:11
BRH:0
end_of_record
TN:
SF:server/src/engine/ruleEngine.ts
FN:8,calculateDistance
FN:18,evaluateCondition
FN:65,evaluateRules
FNF:3
FNH:0
FNDA:0,calculateDistance
FNDA:0,evaluateCondition
FNDA:0,evaluateRules
DA:8,0
DA:9,0
DA:10,0
DA:11,0
DA:19,0
DA:21,0
DA:24,0
DA:26,0
DA:30,0
DA:32,0
DA:36,0
DA:38,0
DA:42,0
DA:44,0
DA:48,0
DA:50,0
DA:53,0
DA:65,0
DA:66,0
DA:67,0
DA:68,0
DA:71,0
LF:22
LH:0
BRDA:21,0,0,0
BRDA:21,0,1,0
BRDA:21,0,2,0
BRDA:21,0,3,0
BRDA:21,0,4,0
BRDA:21,0,5,0
BRDA:21,0,6,0
BRDA:21,0,7,0
BRDA:21,0,8,0
BRDA:21,0,9,0
BRDA:21,0,10,0
BRDA:67,1,0,0
BRF:12
BRH:0
end_of_record
TN:
SF:server/src/engine/simulator.ts
FN:16,applyMovement
FN:60,simulateTick
FNF:2
FNH:0
FNDA:0,applyMovement
FNDA:0,simulateTick
DA:3,0
DA:6,0
DA:7,0
DA:8,0
DA:9,0
DA:17,0
DA:19,0
DA:20,0
DA:21,0
DA:22,0
DA:24,0
DA:25,0
DA:26,0
DA:27,0
DA:29,0
DA:31,0
DA:32,0
DA:33,0
DA:34,0
DA:36,0
DA:37,0
DA:38,0
DA:39,0
DA:60,0
DA:61,0
DA:64,0
DA:67,0
DA:68,0
DA:69,0
DA:70,0
DA:73,0
DA:74,0
DA:77,0
DA:79,0
DA:80,0
DA:81,0
DA:83,0
DA:84,0
DA:85,0
DA:86,0
DA:87,0
DA:91,0
DA:93,0
DA:94,0
DA:95,0
DA:97,0
DA:98,0
DA:99,0
DA:100,0
DA:101,0
DA:105,0
DA:106,0
DA:109,0
DA:110,0
DA:113,0
DA:114,0
DA:116,0
DA:117,0
DA:121,0
DA:122,0
DA:125,0
DA:127,0
LF:62
LH:0
BRDA:17,0,0,0
BRDA:17,0,1,0
BRDA:19,1,0,0
BRDA:19,1,1,0
BRDA:21,2,0,0
BRDA:24,3,0,0
BRDA:24,3,1,0
BRDA:26,4,0,0
BRDA:29,5,0,0
BRDA:31,6,0,0
BRDA:31,6,1,0
BRDA:33,7,0,0
BRDA:36,8,0,0
BRDA:36,8,1,0
BRDA:38,9,0,0
BRDA:77,10,0,0
BRDA:77,10,1,0
BRDA:77,11,0,0
BRDA:77,11,1,0
BRDA:77,11,2,0
BRDA:80,12,0,0
BRDA:86,13,0,0
BRDA:91,14,0,0
BRDA:91,14,1,0
BRDA:91,15,0,0
BRDA:91,15,1,0
BRDA:91,15,2,0
BRDA:94,16,0,0
BRDA:100,17,0,0
BRDA:113,18,0,0
BRDA:116,19,0,0
BRF:31
BRH:0
end_of_record
TN:
SF:server/src/engine/casl/CASLExecutor.ts
FN:16,(anonymous_0)
FN:24,(anonymous_1)
FN:39,(anonymous_2)
FN:46,(anonymous_3)
FN:76,(anonymous_4)
FN:104,(anonymous_5)
FN:125,executeStrategy
FNF:7
FNH:7
FNDA:10035,(anonymous_0)
FNDA:10035,(anonymous_1)
FNDA:10040,(anonymous_2)
FNDA:10040,(anonymous_3)
FNDA:30061,(anonymous_4)
FNDA:30061,(anonymous_5)
FNDA:10035,executeStrategy
DA:13,1
DA:17,10035
DA:26,10035
DA:27,10040
DA:28,24
DA:33,10011
DA:40,10040
DA:50,10040
DA:51,0
DA:55,10040
DA:58,10040
DA:59,20021
DA:60,20021
DA:61,20021
DA:63,20021
DA:64,20014
DA:65,7
DA:66,7
DA:70,10040
DA:80,30061
DA:81,30061
DA:83,30061
DA:85,20037
DA:87,5
DA:89,3
DA:91,3
DA:93,10011
DA:95,2
DA:97,0
DA:105,30061
DA:107,10014
DA:109,4
DA:111,8
DA:113,10010
DA:115,10025
DA:117,0
DA:125,1
DA:129,10035
DA:130,10035
LF:39
LH:36
BRDA:27,0,0,24
BRDA:50,1,0,0
BRDA:63,2,0,20014
BRDA:63,2,1,7
BRDA:64,3,0,20014
BRDA:64,3,1,8
BRDA:65,4,0,7
BRDA:66,5,0,7
BRDA:66,5,1,4
BRDA:83,6,0,20037
BRDA:83,6,1,5
BRDA:83,6,2,3
BRDA:83,6,3,3
BRDA:83,6,4,10011
BRDA:83,6,5,2
BRDA:83,6,6,0
BRDA:105,7,0,10014
BRDA:105,7,1,4
BRDA:105,7,2,8
BRDA:105,7,3,10010
BRDA:105,7,4,10025
BRDA:105,7,5,0
BRF:22
BRH:19
end_of_record
TN:
SF:server/src/engine/casl/CASLParser.ts
FN:20,(anonymous_0)
FN:28,(anonymous_1)
FN:72,(anonymous_2)
FN:83,(anonymous_3)
FN:94,(anonymous_4)
FN:119,(anonymous_5)
FN:147,(anonymous_6)
FN:172,(anonymous_7)
FN:191,(anonymous_8)
FN:203,parseCode
FNF:10
FNH:10
FNDA:32,(anonymous_0)
FNDA:32,(anonymous_1)
FNDA:32,(anonymous_2)
FNDA:32,(anonymous_3)
FNDA:31,(anonymous_4)
FNDA:39,(anonymous_5)
FNDA:37,(anonymous_6)
FNDA:50,(anonymous_7)
FNDA:31,(anonymous_8)
FNDA:32,parseCode
DA:16,1
DA:21,32
DA:22,32
DA:29,32
DA:31,32
DA:33,32
DA:36,32
DA:37,32
DA:38,1
DA:39,1
DA:43,31
DA:46,31
DA:47,31
DA:48,1
DA:49,1
DA:52,30
DA:58,30
DA:64,0
DA:65,0
DA:74,32
DA:76,32
DA:77,32
DA:84,32
DA:85,32
DA:86,1
DA:88,31
DA:95,31
DA:98,31
DA:101,31
DA:102,39
DA:103,39
DA:105,39
DA:106,39
DA:107,36
DA:109,3
DA:113,31
DA:121,39
DA:122,39
DA:123,2
DA:126,37
DA:127,37
DA:130,36
DA:131,36
DA:132,0
DA:135,36
DA:137,36
DA:148,37
DA:149,37
DA:152,37
DA:154,37
DA:155,63
DA:157,63
DA:158,13
DA:159,50
DA:161,50
DA:162,49
DA:166,36
DA:174,50
DA:175,50
DA:177,50
DA:178,1
DA:181,49
DA:182,49
DA:183,49
DA:185,49
DA:192,31
DA:193,31
DA:194,1
DA:196,30
DA:203,1
DA:204,32
DA:205,32
LF:72
LH:69
BRDA:37,0,0,1
BRDA:47,1,0,1
BRDA:60,2,0,27
BRDA:60,2,1,3
BRDA:64,3,0,0
BRDA:64,3,1,0
BRDA:85,4,0,1
BRDA:109,5,0,3
BRDA:109,5,1,0
BRDA:122,6,0,2
BRDA:131,7,0,0
BRDA:157,8,0,13
BRDA:157,8,1,50
BRDA:157,9,0,63
BRDA:157,9,1,53
BRDA:159,10,0,50
BRDA:177,11,0,1
BRDA:193,12,0,1
BRF:18
BRH:14
end_of_record
TN:
SF:server/src/engine/casl/CASLValidator.ts
FN:44,(anonymous_0)
FN:52,(anonymous_1)
FN:63,(anonymous_2)
FN:80,(anonymous_3)
FN:102,(anonymous_4)
FN:117,(anonymous_5)
FN:139,(anonymous_6)
FN:152,(anonymous_7)
FN:167,(anonymous_8)
FN:220,(anonymous_9)
FN:232,validateStrategy
FNF:11
FNH:11
FNDA:40,(anonymous_0)
FNDA:40,(anonymous_1)
FNDA:55,(anonymous_2)
FNDA:40,(anonymous_3)
FNDA:40,(anonymous_4)
FNDA:55,(anonymous_5)
FNDA:67,(anonymous_6)
FNDA:14,(anonymous_7)
FNDA:67,(anonymous_8)
FNDA:94,(anonymous_9)
FNDA:40,validateStrategy
DA:12,1
DA:13,1
DA:21,1
DA:30,1
DA:38,1
DA:39,1
DA:45,40
DA:46,40
DA:53,40
DA:54,40
DA:57,40
DA:60,40
DA:63,40
DA:64,55
DA:68,40
DA:70,40
DA:81,40
DA:82,1
DA:83,1
DA:86,39
DA:87,1
DA:92,39
DA:93,1
DA:103,40
DA:104,5
DA:107,40
DA:108,1
DA:118,55
DA:121,55
DA:122,1
DA:126,55
DA:127,55
DA:128,1
DA:129,1
DA:132,54
DA:133,1
DA:139,54
DA:140,67
DA:144,54
DA:145,54
DA:146,1
DA:152,54
DA:153,14
DA:154,1
DA:161,54
DA:169,67
DA:170,1
DA:176,67
DA:177,1
DA:183,67
DA:184,1
DA:185,66
DA:186,1
DA:187,65
DA:188,1
DA:192,67
DA:193,9
DA:194,1
DA:195,8
DA:196,1
DA:200,67
DA:201,3
DA:202,0
DA:203,3
DA:204,2
DA:208,67
DA:209,54
DA:210,0
DA:211,54
DA:212,2
DA:221,94
DA:222,2
DA:232,1
DA:233,40
DA:234,40
LF:75
LH:73
BRDA:81,0,0,1
BRDA:81,1,0,40
BRDA:81,1,1,39
BRDA:86,2,0,1
BRDA:92,3,0,1
BRDA:103,4,0,5
BRDA:107,5,0,1
BRDA:121,6,0,1
BRDA:121,7,0,55
BRDA:121,7,1,54
BRDA:127,8,0,1
BRDA:132,9,0,1
BRDA:145,10,0,1
BRDA:153,11,0,1
BRDA:153,12,0,14
BRDA:153,12,1,1
BRDA:169,13,0,1
BRDA:176,14,0,1
BRDA:183,15,0,1
BRDA:183,15,1,66
BRDA:185,16,0,1
BRDA:185,16,1,65
BRDA:187,17,0,1
BRDA:192,18,0,9
BRDA:192,19,0,67
BRDA:192,19,1,63
BRDA:193,20,0,1
BRDA:193,20,1,8
BRDA:195,21,0,1
BRDA:200,22,0,3
BRDA:200,23,0,67
BRDA:200,23,1,66
BRDA:201,24,0,0
BRDA:201,24,1,3
BRDA:203,25,0,2
BRDA:208,26,0,54
BRDA:209,27,0,0
BRDA:209,27,1,54
BRDA:211,28,0,2
BRDA:221,29,0,2
BRF:40
BRH:38
end_of_record
TN:
SF:server/src/managers/AuthManager.ts
FN:11,(anonymous_1)
FN:20,(anonymous_2)
FN:33,(anonymous_3)
FN:60,(anonymous_4)
FN:78,(anonymous_5)
FN:91,(anonymous_6)
FN:98,(anonymous_7)
FN:105,(anonymous_8)
FN:122,(anonymous_9)
FNF:9
FNH:0
FNDA:0,(anonymous_1)
FNDA:0,(anonymous_2)
FNDA:0,(anonymous_3)
FNDA:0,(anonymous_4)
FNDA:0,(anonymous_5)
FNDA:0,(anonymous_6)
FNDA:0,(anonymous_7)
FNDA:0,(anonymous_8)
FNDA:0,(anonymous_9)
DA:1,0
DA:2,0
DA:4,0
DA:5,0
DA:7,0
DA:12,0
DA:13,0
DA:21,0
DA:22,0
DA:24,0
DA:25,0
DA:27,0
DA:35,0
DA:36,0
DA:37,0
DA:41,0
DA:44,0
DA:45,0
DA:48,0
DA:54,0
DA:61,0
DA:62,0
DA:63,0
DA:65,0
DA:66,0
DA:69,0
DA:71,0
DA:79,0
DA:80,0
DA:81,0
DA:82,0
DA:83,0
DA:85,0
DA:92,0
DA:99,0
DA:106,0
DA:107,0
DA:109,0
DA:111,0
DA:113,0
DA:114,0
DA:116,0
DA:123,0
LF:43
LH:0
BRDA:4,0,0,0
BRDA:4,0,1,0
BRDA:21,1,0,0
BRDA:21,2,0,0
BRDA:21,2,1,0
BRDA:21,2,2,0
BRDA:24,3,0,0
BRDA:36,4,0,0
BRDA:65,5,0,0
BRDA:80,6,0,0
BRDA:107,7,0,0
BRF:11
BRH:0
end_of_record
TN:
SF:server/src/managers/LobbyManager.ts
FN:11,(anonymous_0)
FN:20,(anonymous_1)
FN:30,(anonymous_2)
FN:39,(anonymous_3)
FN:46,(anonymous_4)
FN:49,(anonymous_5)
FN:52,(anonymous_6)
FN:60,(anonymous_7)
FN:68,(anonymous_8)
FNF:9
FNH:0
FNDA:0,(anonymous_0)
FNDA:0,(anonymous_1)
FNDA:0,(anonymous_2)
FNDA:0,(anonymous_3)
FNDA:0,(anonymous_4)
FNDA:0,(anonymous_5)
FNDA:0,(anonymous_6)
FNDA:0,(anonymous_7)
FNDA:0,(anonymous_8)
DA:6,0
DA:12,0
DA:13,0
DA:14,0
DA:21,0
DA:22,0
DA:23,0
DA:24,0
DA:31,0
DA:32,0
DA:33,0
DA:40,0
DA:47,0
DA:49,0
DA:51,0
DA:52,0
DA:61,0
DA:62,0
DA:69,0
LF:19
LH:0
BRF:0
BRH:0
end_of_record
TN:
SF:server/src/network/socketServer.ts
FN:20,startSocketServer
FN:32,(anonymous_1)
FN:46,(anonymous_2)
FN:61,broadcastMatchState
FNF:4
FNH:0
FNDA:0,startSocketServer
FNDA:0,(anonymous_1)
FNDA:0,(anonymous_2)
FNDA:0,broadcastMatchState
DA:1,0
DA:3,0
DA:4,0
DA:5,0
DA:6,0
DA:8,0
DA:9,0
DA:10,0
DA:11,0
DA:14,0
DA:15,0
DA:20,0
DA:21,0
DA:29,0
DA:30,0
DA:32,0
DA:33,0
DA:36,0
DA:37,0
DA:41,0
DA:42,0
DA:43,0
DA:46,0
DA:47,0
DA:53,0
DA:61,0
DA:62,0
DA:63,0
DA:67,0
DA:68,0
DA:72,0
DA:73,0
DA:75,0
DA:76,0
DA:79,0
DA:83,0
DA:84,0
DA:86,0
DA:106,0
DA:109,0
LF:40
LH:0
BRDA:36,0,0,0
BRDA:41,1,0,0
BRDA:41,2,0,0
BRDA:41,2,1,0
BRDA:62,3,0,0
BRDA:67,4,0,0
BRDA:75,5,0,0
BRDA:75,6,0,0
BRDA:75,6,1,0
BRDA:102,7,0,0
BRDA:102,7,1,0
BRF:11
BRH:0
end_of_record
TN:
SF:server/src/network/eventHandlers/authHandler.ts
FN:11,registerAuthHandlers
FN:20,(anonymous_1)
FN:43,(anonymous_2)
FN:68,(anonymous_3)
FN:80,(anonymous_4)
FNF:5
FNH:0
FNDA:0,registerAuthHandlers
FNDA:0,(anonymous_1)
FNDA:0,(anonymous_2)
FNDA:0,(anonymous_3)
FNDA:0,(anonymous_4)
DA:11,0
DA:20,0
DA:21,0
DA:23,0
DA:25,0
DA:26,0
DA:31,0
DA:33,0
DA:43,0
DA:44,0
DA:46,0
DA:48,0
DA:50,0
DA:52,0
DA:56,0
DA:58,0
DA:68,0
DA:69,0
DA:70,0
DA:71,0
DA:72,0
DA:73,0
DA:80,0
DA:81,0
DA:82,0
DA:83,0
DA:84,0
DA:85,0
LF:28
LH:0
BRDA:25,0,0,0
BRDA:25,0,1,0
BRDA:25,1,0,0
BRDA:25,1,1,0
BRDA:25,1,2,0
BRDA:35,2,0,0
BRDA:35,2,1,0
BRDA:48,3,0,0
BRDA:48,3,1,0
BRDA:48,4,0,0
BRDA:48,4,1,0
BRDA:60,5,0,0
BRDA:60,5,1,0
BRDA:70,6,0,0
BRDA:82,7,0,0
BRF:15
BRH:0
end_of_record
TN:
SF:server/src/network/eventHandlers/lobbyHandler.ts
FN:6,registerLobbyHandlers
FN:15,(anonymous_1)
FN:42,(anonymous_2)
FN:53,(anonymous_3)
FNF:4
FNH:0
FNDA:0,registerLobbyHandlers
FNDA:0,(anonymous_1)
FNDA:0,(anonymous_2)
FNDA:0,(anonymous_3)
DA:6,0
DA:15,0
DA:16,0
DA:19,0
DA:21,0
DA:23,0
DA:26,0
DA:27,0
DA:29,0
DA:30,0
DA:33,0
DA:34,0
DA:42,0
DA:43,0
DA:44,0
DA:45,0
DA:46,0
DA:53,0
DA:54,0
DA:55,0
DA:56,0
DA:57,0
LF:22
LH:0
BRDA:21,0,0,0
BRDA:21,0,1,0
BRDA:21,1,0,0
BRDA:21,1,1,0
BRDA:29,2,0,0
BRDA:33,3,0,0
BRDA:44,4,0,0
BRDA:55,5,0,0
BRDA:55,6,0,0
BRDA:55,6,1,0
BRF:10
BRH:0
end_of_record
